#
# A fatal error has been detected by the Java Runtime Environment:
#
#  EXCEPTION_ACCESS_VIOLATION (0xc0000005) at pc=0x00007ffa4e17b149, pid=5912, tid=892
#
# JRE version: Java(TM) SE Runtime Environment (23.0.1+11) (build 23.0.1+11-39)
# Java VM: Java HotSpot(TM) 64-Bit Server VM (23.0.1+11-39, mixed mode, sharing, tiered, compressed oops, compressed class ptrs, g1 gc, windows-amd64)
# Problematic frame:
# C  [awt.dll+0xdb149]
#
# No core dump will be written. Minidumps are not enabled by default on client versions of Windows
#
# If you would like to submit a bug report, please visit:
#   https://bugreport.java.com/bugreport/crash.jsp
# The crash happened outside the Java Virtual Machine in native code.
# See problematic frame for where to report the bug.
#

---------------  S U M M A R Y ------------

Command Line: -Dfile.encoding=UTF-8 Inicio.RelojMarcajeAngels

Host: Intel(R) Core(TM) i5-4430 CPU @ 3.00GHz, 4 cores, 11G,  Windows 10 , 64 bit Build 19041 (10.0.19041.4957)
Time: Wed Nov  6 12:38:29 2024 Hora estándar, América Central elapsed time: 4178.929885 seconds (0d 1h 9m 38s)

---------------  T H R E A D  ---------------

Current thread (0x0000018e9c8bcb80):  JavaThread "AWT-EventQueue-0"        [_thread_in_native, id=892, stack(0x0000003e58e00000,0x0000003e58f00000) (1024K)]

Stack: [0x0000003e58e00000,0x0000003e58f00000],  sp=0x0000003e58efee00,  free space=1019k
Native frames: (J=compiled Java code, j=interpreted, Vv=VM code, C=native code)
C  [awt.dll+0xdb149]  (no source info available)
C  [awt.dll+0xda508]  (no source info available)
C  0x0000018e8fbad207  (no source info available)

The last pc belongs to native method entry point (kind = native) (printed below).
Java frames: (J=compiled Java code, j=interpreted, Vv=VM code)
j  sun.awt.Win32GraphicsConfig.getBounds(I)Ljava/awt/Rectangle;+0 java.desktop@23.0.1
j  sun.awt.Win32GraphicsConfig.getBounds()Ljava/awt/Rectangle;+8 java.desktop@23.0.1
j  sun.awt.Win32GraphicsDevice.displayChanged()V+23 java.desktop@23.0.1
j  sun.awt.Win32GraphicsEnvironment.displayChanged()V+271 java.desktop@23.0.1
j  sun.awt.windows.WToolkit.lambda$displayChanged$4()V+15 java.desktop@23.0.1
j  sun.awt.windows.WToolkit$$Lambda+0x0000018e9e1893b0.run()V+0 java.desktop@23.0.1
j  java.awt.event.InvocationEvent.dispatch()V+47 java.desktop@23.0.1
j  java.awt.EventQueue.dispatchEventImpl(Ljava/awt/AWTEvent;Ljava/lang/Object;)V+21 java.desktop@23.0.1
j  java.awt.EventQueue$4.run()Ljava/lang/Void;+32 java.desktop@23.0.1
j  java.awt.EventQueue$4.run()Ljava/lang/Object;+1 java.desktop@23.0.1
J 1308 c1 java.security.AccessController.doPrivileged(Ljava/security/PrivilegedAction;Ljava/security/AccessControlContext;)Ljava/lang/Object; java.base@23.0.1 (17 bytes) @ 0x0000018e8880936c [0x0000018e88809180+0x00000000000001ec]
j  java.security.ProtectionDomain$JavaSecurityAccessImpl.doIntersectionPrivilege(Ljava/security/PrivilegedAction;Ljava/security/AccessControlContext;Ljava/security/AccessControlContext;)Ljava/lang/Object;+18 java.base@23.0.1
j  java.awt.EventQueue.dispatchEvent(Ljava/awt/AWTEvent;)V+46 java.desktop@23.0.1
j  java.awt.EventDispatchThread.pumpOneEventForFilters(I)V+81 java.desktop@23.0.1
j  java.awt.EventDispatchThread.pumpEventsForFilter(ILjava/awt/Conditional;Ljava/awt/EventFilter;)V+35 java.desktop@23.0.1
j  java.awt.EventDispatchThread.pumpEventsForHierarchy(ILjava/awt/Conditional;Ljava/awt/Component;)V+11 java.desktop@23.0.1
j  java.awt.EventDispatchThread.pumpEvents(ILjava/awt/Conditional;)V+4 java.desktop@23.0.1
j  java.awt.EventDispatchThread.pumpEvents(Ljava/awt/Conditional;)V+3 java.desktop@23.0.1
j  java.awt.EventDispatchThread.run()V+9 java.desktop@23.0.1
v  ~StubRoutines::call_stub 0x0000018e8fba0fcd

siginfo: EXCEPTION_ACCESS_VIOLATION (0xc0000005), reading address 0x0000000000000028


Registers:
RAX=0x0000000000000000, RBX=0x0000018ee3832db0, RCX=0x0000000000000000, RDX=0x0000000000000000
RSP=0x0000003e58efee00, RBP=0x0000000000000000, RSI=0x0000000000000000, RDI=0x0000000000000000
R8 =0x0000000000000001, R9 =0x0000000000000004, R10=0x0000018e9c8b61e0, R11=0x0000018ede3b2a88
R12=0x0000000000000000, R13=0x0000018e9c72a098, R14=0x0000018e9c8befb0, R15=0x0000000000000000
RIP=0x00007ffa4e17b149, EFLAGS=0x0000000000010246


Register to memory mapping:

RAX=0x0 is null
RBX=0x0000018ee3832db0 points into unknown readable memory: 0x0000018ee37b7490 | 90 74 7b e3 8e 01 00 00
RCX=0x0 is null
RDX=0x0 is null
RSP=0x0000003e58efee00 is pointing into the stack for thread: 0x0000018e9c8bcb80
RBP=0x0 is null
RSI=0x0 is null
RDI=0x0 is null
R8 =0x0000000000000001 is an unknown value
R9 =0x0000000000000004 is an unknown value
R10=0x0000018e9c8b61e0 points into unknown readable memory: 0x0000004000000003 | 03 00 00 00 40 00 00 00
R11={method} {0x0000018ede3b2a90} '<init>' '(IIII)V' in 'java/awt/Rectangle'
R12=0x0 is null
R13=0x0000018e9c72a098 points into unknown readable memory: 0x0000018ede3b2a88 | 88 2a 3b de 8e 01 00 00
R14=0x0000018e9c8befb0 points into unknown readable memory: 0x0000000750a83a80 | 80 3a a8 50 07 00 00 00
R15=0x0 is null

Top of Stack: (sp=0x0000003e58efee00)
0x0000003e58efee00:   00007ffa4e1d9838 0000018ee3832db0
0x0000003e58efee10:   0000018ee3832db0 0000000000000004
0x0000003e58efee20:   0000018e9c8bcf40 00007ffa4e17a508
0x0000003e58efee30:   0000018ee3832db0 0000018ee3832db0
0x0000003e58efee40:   0000000000000004 0000018e9c8bcf40
0x0000003e58efee50:   0000000750b33370 0000018ede5fad18
0x0000003e58efee60:   0000000000000000 0000003e58efee80
0x0000003e58efee70:   0000000000000000 0000000000000000
0x0000003e58efee80:   000040682e7ecd66 0000000750b33d18
0x0000003e58efee90:   0000018e9c8bcb80 0000003e58efef78
0x0000003e58efeea0:   0000018ede484db8 0000000000000000
0x0000003e58efeeb0:   0000000000000128 0000000000000004
0x0000003e58efeec0:   0000003e58efef50 0000018e8fbad207
0x0000003e58efeed0:   0000003e58efeee8 0000018ede484db8
0x0000003e58efeee0:   0000018e8fba8700 0000000000000000
0x0000003e58efeef0:   0000000750b33d18 0000000750375908
0x0000003e58efef00:   0000000750375908 fffffffffffffff7
0x0000003e58efef10:   0000000000000000 0000000000000005
0x0000003e58efef20:   0000018ede487580 0000000000000000
0x0000003e58efef30:   0000000750b35210 0000018ede484db8
0x0000003e58efef40:   0000000000000000 0000003e58efef70
0x0000003e58efef50:   0000003e58efefc8 0000018e8fba889a
0x0000003e58efef60:   0000000000000000 0000018e8fbaa5da
0x0000003e58efef70:   0000000000000000 0000000750375908
0x0000003e58efef80:   fffffffffffffff7 0000018ede484e60
0x0000003e58efef90:   0000000000000002 0000018ede487580
0x0000003e58efefa0:   0000000000000000 0000000750b35210
0x0000003e58efefb0:   0000018ede484e78 fffffffffffffff5
0x0000003e58efefc0:   0000003e58efefd8 0000003e58eff028
0x0000003e58efefd0:   0000018e8fba889a 0000000750375908
0x0000003e58efefe0:   fffffffffffffff7 0000018ede5fab6f
0x0000003e58efeff0:   0000000000000003 0000018ede5fc348 

Instructions: (pc=0x00007ffa4e17b149)
0x00007ffa4e17b049:   cc cc cc cc cc cc cc 48 89 5c 24 08 48 89 6c 24
0x00007ffa4e17b059:   10 48 89 74 24 18 57 48 83 ec 20 41 8b f8 0f b6
0x00007ffa4e17b069:   f2 48 8b e9 e8 2e cc f4 ff 48 8b d8 48 89 44 24
0x00007ffa4e17b079:   48 41 b8 01 00 00 00 8b d7 48 8b c8 e8 96 cb f4
0x00007ffa4e17b089:   ff 48 8b c8 44 0f b6 c6 48 8b d5 e8 97 fa ff ff
0x00007ffa4e17b099:   48 8b f8 48 8b cb e8 bc cd f4 ff 90 48 8b c7 48
0x00007ffa4e17b0a9:   8b 5c 24 30 48 8b 6c 24 38 48 8b 74 24 40 48 83
0x00007ffa4e17b0b9:   c4 20 5f c3 cc cc cc 48 8b 49 28 e9 07 07 00 00
0x00007ffa4e17b0c9:   cc cc cc cc cc cc cc 48 89 5c 24 08 57 48 83 ec
0x00007ffa4e17b0d9:   20 8b f9 e8 bf cb f4 ff 48 8b d8 48 89 44 24 38
0x00007ffa4e17b0e9:   41 b8 01 00 00 00 8b d7 48 8b c8 e8 27 cb f4 ff
0x00007ffa4e17b0f9:   48 8b 08 8b 39 48 8b cb e8 5a cd f4 ff 90 8b c7
0x00007ffa4e17b109:   48 8b 5c 24 30 48 83 c4 20 5f c3 cc cc cc cc cc
0x00007ffa4e17b119:   cc cc cc cc cc cc cc 48 89 5c 24 08 57 48 83 ec
0x00007ffa4e17b129:   20 8b f9 e8 6f cb f4 ff 48 8b d8 48 89 44 24 38
0x00007ffa4e17b139:   41 b8 01 00 00 00 8b d7 48 8b c8 e8 d7 ca f4 ff
0x00007ffa4e17b149:   48 8b 78 28 48 8b cb e8 0b cd f4 ff 90 48 8b c7
0x00007ffa4e17b159:   48 8b 5c 24 30 48 83 c4 20 5f c3 cc cc cc cc cc
0x00007ffa4e17b169:   cc cc cc cc cc cc cc 48 89 5c 24 08 57 48 83 ec
0x00007ffa4e17b179:   20 8b f9 e8 1f cb f4 ff 48 8b d8 48 89 44 24 38
0x00007ffa4e17b189:   41 b8 01 00 00 00 8b d7 48 8b c8 e8 87 ca f4 ff
0x00007ffa4e17b199:   48 8b 78 30 48 8b cb e8 bb cc f4 ff 90 48 8b c7
0x00007ffa4e17b1a9:   48 8b 5c 24 30 48 83 c4 20 5f c3 cc cc cc cc cc
0x00007ffa4e17b1b9:   cc cc cc cc cc cc cc 48 89 5c 24 08 57 48 83 ec
0x00007ffa4e17b1c9:   20 8b f9 e8 cf ca f4 ff 48 8b d8 48 89 44 24 38
0x00007ffa4e17b1d9:   41 b8 01 00 00 00 8b d7 48 8b c8 e8 37 ca f4 ff
0x00007ffa4e17b1e9:   48 8b 78 08 48 85 ff 74 07 48 8b bf 08 0c 00 00
0x00007ffa4e17b1f9:   48 8b cb e8 5f cc f4 ff 90 48 8b c7 48 8b 5c 24
0x00007ffa4e17b209:   30 48 83 c4 20 5f c3 f3 0f 10 41 48 c3 cc cc cc
0x00007ffa4e17b219:   cc cc cc cc cc cc cc f3 0f 10 41 4c c3 cc cc cc
0x00007ffa4e17b229:   cc cc cc cc cc cc cc 48 89 5c 24 10 48 89 74 24
0x00007ffa4e17b239:   18 55 57 41 56 48 8d 6c 24 e0 48 81 ec 20 01 00 


Stack slot to memory mapping:

stack at sp + 0 slots: 0x00007ffa4e1d9838 awt.dll
stack at sp + 1 slots: 0x0000018ee3832db0 points into unknown readable memory: 0x0000018ee37b7490 | 90 74 7b e3 8e 01 00 00
stack at sp + 2 slots: 0x0000018ee3832db0 points into unknown readable memory: 0x0000018ee37b7490 | 90 74 7b e3 8e 01 00 00
stack at sp + 3 slots: 0x0000000000000004 is an unknown value
stack at sp + 4 slots: 0x0000018e9c8bcf40 points into unknown readable memory: 0x00007ffa06495e00 | 00 5e 49 06 fa 7f 00 00
stack at sp + 5 slots: 0x00007ffa4e17a508 awt.dll
stack at sp + 6 slots: 0x0000018ee3832db0 points into unknown readable memory: 0x0000018ee37b7490 | 90 74 7b e3 8e 01 00 00
stack at sp + 7 slots: 0x0000018ee3832db0 points into unknown readable memory: 0x0000018ee37b7490 | 90 74 7b e3 8e 01 00 00

Lock stack of current Java thread (top to bottom):

native method entry point (kind = native)  [0x0000018e8fbacde0, 0x0000018e8fbad938]  2904 bytes
[MachCode]
  0x0000018e8fbacde0: 488b 4b08 | 0fb7 492e | 584c 8d74 | ccf8 6800 | 0000 0068 | 0000 0000 | 5055 488b | ec41 5568 
  0x0000018e8fbace00: 0000 0000 | 4c8b 6b08 | 4d8d 6d38 | 5348 8b53 | 0848 8b52 | 0848 8b52 | 1848 8b52 | 7048 8b12 
  0x0000018e8fbace20: 5248 8b53 | 1048 85d2 | 0f84 0700 | 0000 4881 | c210 0100 | 0052 488b | 5308 488b | 5208 488b 
  0x0000018e8fbace40: 5210 5249 | 8bc6 482b | c548 c1e8 | 0350 6800 | 0000 0068 | f7ff ffff | 41c6 8771 | 0400 0001 
  0x0000018e8fbace60: 488b 4310 | 4885 c074 | 208b 88cc | 0000 0083 | c102 8988 | cc00 0000 | 2388 e000 | 0000 0f84 
  0x0000018e8fbace80: 000a 0000 | e9cf 0000 | 0048 8b43 | 1848 85c0 | 0f85 b000 | 0000 e805 | 0000 00e9 | 9900 0000 
  0x0000018e8fbacea0: 488b d348 | 8d44 2408 | 4c89 6dc0 | 498b cfc5 | f877 4989 | afb0 0300 | 0049 8987 | a003 0000 
  0x0000018e8fbacec0: 4883 ec20 | 40f6 c40f | 0f84 1900 | 0000 4883 | ec08 48b8 | 9026 c805 | fa7f 0000 | ffd0 4883 
  0x0000018e8fbacee0: c408 e90c | 0000 0048 | b890 26c8 | 05fa 7f00 | 00ff d048 | 83c4 2049 | c787 a003 | 0000 0000 
  0x0000018e8fbacf00: 0000 49c7 | 87b0 0300 | 0000 0000 | 0049 c787 | a803 0000 | 0000 0000 | c5f8 7749 | 837f 0800 
  0x0000018e8fbacf20: 0f84 0500 | 0000 e995 | 3fff ff4c | 8b6d c04c | 8b75 c84e | 8d74 f500 | c348 8b43 | 1848 85c0 
  0x0000018e8fbacf40: 0f84 1200 | 0000 8b48 | 0883 c102 | 8948 0823 | 481c 0f84 | 2c09 0000 | 493b a7e8 | 0400 000f 
  0x0000018e8fbacf60: 8748 0000 | 0089 8424 | 00f0 ffff | 8984 2400 | e0ff ff89 | 8424 00d0 | ffff 8984 | 2400 c0ff 
  0x0000018e8fbacf80: ff89 8424 | 00b0 ffff | 8984 2400 | a0ff ff89 | 8424 0090 | ffff 8984 | 2400 80ff | ff49 3ba7 
  0x0000018e8fbacfa0: e004 0000 | 7607 4989 | a7e8 0400 | 0041 c687 | 7104 0000 | 0049 ba41 | ad4f 06fa | 7f00 0041 
  0x0000018e8fbacfc0: 803a 000f | 843e 0000 | 0048 8b55 | e849 8bcf | 4883 ec20 | 40f6 c40f | 0f84 1900 | 0000 4883 
  0x0000018e8fbacfe0: ec08 48b8 | 10ee ff05 | fa7f 0000 | ffd0 4883 | c408 e90c | 0000 0048 | b810 eeff | 05fa 7f00 
  0x0000018e8fbad000: 00ff d048 | 83c4 2048 | 8b5d e84c | 8b5b 0845 | 0fb7 5b2e | 41c1 e303 | 492b e348 | 83ec 2048 
  0x0000018e8fbad020: 83e4 f04c | 8b5b 604d | 85db 0f85 | ab00 0000 | e805 0000 | 00e9 9900 | 0000 488b | d348 8d44 
  0x0000018e8fbad040: 2408 4c89 | 6dc0 498b | cfc5 f877 | 4989 afb0 | 0300 0049 | 8987 a003 | 0000 4883 | ec20 40f6 
  0x0000018e8fbad060: c40f 0f84 | 1900 0000 | 4883 ec08 | 48b8 f04d | c805 fa7f | 0000 ffd0 | 4883 c408 | e90c 0000 
  0x0000018e8fbad080: 0048 b8f0 | 4dc8 05fa | 7f00 00ff | d048 83c4 | 2049 c787 | a003 0000 | 0000 0000 | 49c7 87b0 
  0x0000018e8fbad0a0: 0300 0000 | 0000 0049 | c787 a803 | 0000 0000 | 0000 c5f8 | 7749 837f | 0800 0f84 | 0500 0000 
  0x0000018e8fbad0c0: e9fb 3dff | ff4c 8b6d | c04c 8b75 | c84e 8d74 | f500 c348 | 8b5d e84c | 8b5b 6041 | ffd3 488b 
  0x0000018e8fbad0e0: 5de8 4889 | 4518 448b | 5b28 41f6 | c308 0f84 | 1b00 0000 | 4c8b 5b08 | 4d8b 5b08 | 4d8b 5b18 
  0x0000018e8fbad100: 4d8b 5b70 | 4d8b 1b4c | 895d 1048 | 8d55 1048 | 8b43 5849 | ba60 3c00 | 06fa 7f00 | 0049 3bc2 
  0x0000018e8fbad120: 0f85 ab00 | 0000 e805 | 0000 00e9 | 9900 0000 | 488b d348 | 8d44 2408 | 4c89 6dc0 | 498b cfc5 
  0x0000018e8fbad140: f877 4989 | afb0 0300 | 0049 8987 | a003 0000 | 4883 ec20 | 40f6 c40f | 0f84 1900 | 0000 4883 
  0x0000018e8fbad160: ec08 48b8 | f04d c805 | fa7f 0000 | ffd0 4883 | c408 e90c | 0000 0048 | b8f0 4dc8 | 05fa 7f00 
  0x0000018e8fbad180: 00ff d048 | 83c4 2049 | c787 a003 | 0000 0000 | 0000 49c7 | 87b0 0300 | 0000 0000 | 0049 c787 
  0x0000018e8fbad1a0: a803 0000 | 0000 0000 | c5f8 7749 | 837f 0800 | 0f84 0500 | 0000 e905 | 3dff ff4c | 8b6d c04c 
  0x0000018e8fbad1c0: 8b75 c84e | 8d74 f500 | c348 8b5d | e848 8b43 | 5849 8d8f | c003 0000 | c5f8 7749 | 89af b003 
  0x0000018e8fbad1e0: 0000 49ba | d8d1 ba8f | 8e01 0000 | 4d89 97a8 | 0300 0049 | 89a7 a003 | 0000 41c7 | 8744 0400 
  0x0000018e8fbad200: 0004 0000 | 00ff d0c5 | f877 4883 | ec10 c5fb | 1104 2448 | 83ec 1048 | 8904 2448 | c744 2408 
  0x0000018e8fbad220: 0000 0000 | 41c7 8744 | 0400 0005 | 0000 00f0 | 8344 24c0 | 0049 3baf | 4804 0000 | 0f87 0e00 
  0x0000018e8fbad240: 0000 4183 | bf40 0400 | 0000 0f84 | 2000 0000 | 498b cf4c | 8be4 4883 | ec20 4883 | e4f0 48b8 
  0x0000018e8fbad260: 90a9 c905 | fa7f 0000 | ffd0 498b | e44d 33e4 | 41c7 8744 | 0400 0008 | 0000 0049 | c787 a003 
  0x0000018e8fbad280: 0000 0000 | 0000 49c7 | 87b0 0300 | 0000 0000 | 0049 c787 | a803 0000 | 0000 0000 | c5f8 774d 
  0x0000018e8fbad2a0: 8b9f 3004 | 0000 41c7 | 8300 0100 | 0000 0000 | 0049 bbda | a5ba 8f8e | 0100 004c | 3b5d 180f 
  0x0000018e8fbad2c0: 8524 0200 | 0048 8b04 | 2448 83c4 | 1048 85c0 | 0f84 fe01 | 0000 a803 | 0f85 0800 | 0000 488b 
  0x0000018e8fbad2e0: 00e9 ee01 | 0000 a801 | 0f85 0900 | 0000 488b | 40fe e9dd | 0100 0048 | 8b40 ff41 | 807f 3800 
  0x0000018e8fbad300: 0f84 ce01 | 0000 4883 | f800 0f84 | c401 0000 | 4d8b 5f28 | 4983 fb00 | 0f84 1400 | 0000 4983 
  0x0000018e8fbad320: eb08 4d89 | 5f28 4d03 | 5f30 4989 | 03e9 a201 | 0000 4881 | ecd0 0000 | 0048 8904 | 2448 894c 
  0x0000018e8fbad340: 2408 4889 | 5424 1048 | 8974 2418 | 4889 7c24 | 204c 8944 | 2428 4c89 | 4c24 304c | 8954 2438 
  0x0000018e8fbad360: 4c89 5c24 | 40c5 fb11 | 4424 50c5 | fb11 4c24 | 58c5 fb11 | 5424 60c5 | fb11 5c24 | 68c5 fb11 
  0x0000018e8fbad380: 6424 70c5 | fb11 6c24 | 78c5 fb11 | b424 8000 | 0000 c5fb | 11bc 2488 | 0000 00c5 | 7b11 8424 
  0x0000018e8fbad3a0: 9000 0000 | c57b 118c | 2498 0000 | 00c5 7b11 | 9424 a000 | 0000 c57b | 119c 24a8 | 0000 00c5 
  0x0000018e8fbad3c0: 7b11 a424 | b000 0000 | c57b 11ac | 24b8 0000 | 00c5 7b11 | b424 c000 | 0000 c57b | 11bc 24c8 
  0x0000018e8fbad3e0: 0000 0049 | 8bd7 488b | c848 83ec | 2040 f6c4 | 0f0f 8419 | 0000 0048 | 83ec 0848 | b8e0 07bd 
  0x0000018e8fbad400: 05fa 7f00 | 00ff d048 | 83c4 08e9 | 0c00 0000 | 48b8 e007 | bd05 fa7f | 0000 ffd0 | 4883 c420 
  0x0000018e8fbad420: c57b 10bc | 24c8 0000 | 00c5 7b10 | b424 c000 | 0000 c57b | 10ac 24b8 | 0000 00c5 | 7b10 a424 
  0x0000018e8fbad440: b000 0000 | c57b 109c | 24a8 0000 | 00c5 7b10 | 9424 a000 | 0000 c57b | 108c 2498 | 0000 00c5 
  0x0000018e8fbad460: 7b10 8424 | 9000 0000 | c5fb 10bc | 2488 0000 | 00c5 fb10 | b424 8000 | 0000 c5fb | 106c 2478 
  0x0000018e8fbad480: c5fb 1064 | 2470 c5fb | 105c 2468 | c5fb 1054 | 2460 c5fb | 104c 2458 | c5fb 1044 | 2450 4c8b 
  0x0000018e8fbad4a0: 5c24 404c | 8b54 2438 | 4c8b 4c24 | 304c 8b44 | 2428 488b | 7c24 2048 | 8b74 2418 | 488b 5424 
  0x0000018e8fbad4c0: 1048 8b4c | 2408 488b | 0424 4881 | c4d0 0000 | 00c5 f877 | 4889 4510 | 4883 ec10 | 4889 0424 
  0x0000018e8fbad4e0: 48c7 4424 | 0800 0000 | 0041 83bf | c804 0000 | 020f 85bf | 0000 0048 | 81ec 8000 | 0000 4889 
  0x0000018e8fbad500: 4424 7848 | 894c 2470 | 4889 5424 | 6848 895c | 2460 4889 | 6c24 5048 | 8974 2448 | 4889 7c24 
  0x0000018e8fbad520: 404c 8944 | 2438 4c89 | 4c24 304c | 8954 2428 | 4c89 5c24 | 204c 8964 | 2418 4c89 | 6c24 104c 
  0x0000018e8fbad540: 8974 2408 | 4c89 3c24 | 4c8b e448 | 83ec 2048 | 83e4 f048 | b8c0 2200 | 06fa 7f00 | 00ff d049 
  0x0000018e8fbad560: 8be4 4c8b | 3c24 4c8b | 7424 084c | 8b6c 2410 | 4c8b 6424 | 184c 8b5c | 2420 4c8b | 5424 284c 
  0x0000018e8fbad580: 8b4c 2430 | 4c8b 4424 | 3848 8b7c | 2440 488b | 7424 4848 | 8b6c 2450 | 488b 5c24 | 6048 8b54 
  0x0000018e8fbad5a0: 2468 488b | 4c24 7048 | 8b44 2478 | 4881 c480 | 0000 004d | 33e4 488b | 5de8 4c8b | 6b08 4d8d 
  0x0000018e8fbad5c0: 6d38 4983 | 7f08 000f | 84bb 0000 | 00e8 0500 | 0000 e996 | 0000 0048 | 8d44 2408 | 4c89 6dc0 
  0x0000018e8fbad5e0: 498b cfc5 | f877 4989 | afb0 0300 | 0049 8987 | a003 0000 | 4883 ec20 | 40f6 c40f | 0f84 1900 
  0x0000018e8fbad600: 0000 4883 | ec08 48b8 | 006c c805 | fa7f 0000 | ffd0 4883 | c408 e90c | 0000 0048 | b800 6cc8 
  0x0000018e8fbad620: 05fa 7f00 | 00ff d048 | 83c4 2049 | c787 a003 | 0000 0000 | 0000 49c7 | 87b0 0300 | 0000 0000 
  0x0000018e8fbad640: 0049 c787 | a803 0000 | 0000 0000 | c5f8 7749 | 837f 0800 | 0f84 0500 | 0000 e961 | 38ff ff4c 
  0x0000018e8fbad660: 8b6d c04c | 8b75 c84e | 8d74 f500 | c348 b940 | d527 06fa | 7f00 0048 | 83e4 f048 | b870 4aee 
  0x0000018e8fbad680: 05fa 7f00 | 00ff d0f4 | 448b 5b28 | 41f6 c320 | 0f84 7901 | 0000 488d | 55a8 4c8b | 5a08 4d85 
  0x0000018e8fbad6a0: db0f 85bb | 0000 00e8 | 0500 0000 | e996 0000 | 0048 8d44 | 2408 4c89 | 6dc0 498b | cfc5 f877 
  0x0000018e8fbad6c0: 4989 afb0 | 0300 0049 | 8987 a003 | 0000 4883 | ec20 40f6 | c40f 0f84 | 1900 0000 | 4883 ec08 
  0x0000018e8fbad6e0: 48b8 306b | c805 fa7f | 0000 ffd0 | 4883 c408 | e90c 0000 | 0048 b830 | 6bc8 05fa | 7f00 00ff 
  0x0000018e8fbad700: d048 83c4 | 2049 c787 | a003 0000 | 0000 0000 | 49c7 87b0 | 0300 0000 | 0000 0049 | c787 a803 
  0x0000018e8fbad720: 0000 0000 | 0000 c5f8 | 7749 837f | 0800 0f84 | 0500 0000 | e987 37ff | ff4c 8b6d | c04c 8b75 
  0x0000018e8fbad740: c84e 8d74 | f500 c348 | b940 d527 | 06fa 7f00 | 0048 83e4 | f048 b870 | 4aee 05fa | 7f00 00ff 
  0x0000018e8fbad760: d0f4 4c89 | 6dc0 4c8b | 4a08 48c7 | 4208 0000 | 0000 458b | 8718 0600 | 004f 3b4c | 07f8 0f85 
  0x0000018e8fbad780: 4900 0000 | 4183 af18 | 0600 0008 | 4f3b 4c07 | f00f 842a | 0000 0049 | 8b01 a802 | 0f85 1200 
  0x0000018e8fbad7a0: 0000 4c8b | c049 83c8 | 01f0 4d0f | b101 0f84 | 0d00 0000 | 4183 8718 | 0600 0008 | e90c 0000 
  0x0000018e8fbad7c0: 0049 ff8f | 5005 0000 | e93e 0000 | 004c 894a | 0848 8bca | 4883 ec20 | 40f6 c40f | 0f84 1900 
  0x0000018e8fbad7e0: 0000 4883 | ec08 48b8 | f03d c805 | fa7f 0000 | ffd0 4883 | c408 e90c | 0000 0048 | b8f0 3dc8 
  0x0000018e8fbad800: 05fa 7f00 | 00ff d048 | 83c4 204c | 8b6d c049 | ba41 ad4f | 06fa 7f00 | 0041 803a | 000f 843e 
  0x0000018e8fbad820: 0000 0048 | 8b55 e849 | 8bcf 4883 | ec20 40f6 | c40f 0f84 | 1900 0000 | 4883 ec08 | 48b8 10ee 
  0x0000018e8fbad840: ff05 fa7f | 0000 ffd0 | 4883 c408 | e90c 0000 | 0048 b810 | eeff 05fa | 7f00 00ff | d048 83c4 
  0x0000018e8fbad860: 2048 8b04 | 2448 83c4 | 10c5 fb10 | 0424 4883 | c410 4c8b | 5d18 41ff | d34c 8b5d | f8c9 5f49 
  0x0000018e8fbad880: 8be3 ffe7 | ba00 0000 | 00e8 0500 | 0000 e996 | 0000 0048 | 8d44 2408 | 4c89 6dc0 | 498b cfc5 
  0x0000018e8fbad8a0: f877 4989 | afb0 0300 | 0049 8987 | a003 0000 | 4883 ec20 | 40f6 c40f | 0f84 1900 | 0000 4883 
  0x0000018e8fbad8c0: ec08 48b8 | a031 c805 | fa7f 0000 | ffd0 4883 | c408 e90c | 0000 0048 | b8a0 31c8 | 05fa 7f00 
  0x0000018e8fbad8e0: 00ff d048 | 83c4 2049 | c787 a003 | 0000 0000 | 0000 49c7 | 87b0 0300 | 0000 0000 | 0049 c787 
  0x0000018e8fbad900: a803 0000 | 0000 0000 | c5f8 7749 | 837f 0800 | 0f84 0500 | 0000 e9a5 | 35ff ff4c | 8b6d c04c 
  0x0000018e8fbad920: 8b75 c84e | 8d74 f500 | c348 8b5d | e8e9 26f6 | ffff 660f | 1f44 0000 
[/MachCode]

Compiled method (c1) 4180742 1308       3       java.security.AccessController::doPrivileged (17 bytes)
 total in heap  [0x0000018e88809008,0x0000018e88809590] = 1416
 relocation     [0x0000018e888090e0,0x0000018e88809178] = 152
 main code      [0x0000018e88809180,0x0000018e88809500] = 896
 stub code      [0x0000018e88809500,0x0000018e88809578] = 120
 metadata       [0x0000018e88809578,0x0000018e88809590] = 24
 immutable data [0x0000018ee37ed020,0x0000018ee37ed1b8] = 408
 dependencies   [0x0000018ee37ed020,0x0000018ee37ed028] = 8
 nul chk table  [0x0000018ee37ed028,0x0000018ee37ed038] = 16
 scopes pcs     [0x0000018ee37ed038,0x0000018ee37ed0f8] = 192
 scopes data    [0x0000018ee37ed0f8,0x0000018ee37ed1b8] = 192

[Constant Pool (empty)]

[MachCode]
[Verified Entry Point]
  # {method} {0x0000018e9d49b040} 'doPrivileged' '(Ljava/security/PrivilegedAction;Ljava/security/AccessControlContext;)Ljava/lang/Object;' in 'java/security/AccessController'
  # parm0:    rdx:rdx   = 'java/security/PrivilegedAction'
  # parm1:    r8:r8     = 'java/security/AccessControlContext'
  #           [sp+0x80]  (sp of caller)
  0x0000018e88809180: 8984 2400 | 80ff ff55 | 4883 ec70 | 4181 7f20 | 0100 0000 

  0x0000018e88809194: ;   {runtime_call StubRoutines (final stubs)}
  0x0000018e88809194: 7405 e8a5 

  0x0000018e88809198: ;   {metadata(method data for {method} {0x0000018e9d49b040} 'doPrivileged' '(Ljava/security/PrivilegedAction;Ljava/security/AccessControlContext;)Ljava/lang/Object;' in 'java/security/AccessController')}
  0x0000018e88809198: e53c 0748 | be80 4ca9 | de8e 0100 | 008b becc | 0000 0083 | c702 89be | cc00 0000 | 81e7 fe07 
  0x0000018e888091b8: 0000 85ff | 0f84 7402 | 0000 4c89 | 4424 4048 | 8954 2448 

  0x0000018e888091cc: ;   {metadata(method data for {method} {0x0000018e9d49b040} 'doPrivileged' '(Ljava/security/PrivilegedAction;Ljava/security/AccessControlContext;)Ljava/lang/Object;' in 'java/security/AccessController')}
  0x0000018e888091cc: 48be 804c | a9de 8e01 | 0000 4883 | 8618 0100 

  0x0000018e888091dc: ;   {static_call}
  0x0000018e888091dc: 0001 90e8 

  0x0000018e888091e0: ; ImmutableOopMap {[64]=Oop [72]=Oop }
                      ;*invokestatic getCallerClass {reexecute=0 rethrow=0 return_oop=0}
                      ; - java.security.AccessController::doPrivileged@0 (line 398)
  0x0000018e888091e0: cc2b 9407 

  0x0000018e888091e4: ;   {other}
  0x0000018e888091e4: 0f1f 8400 | dc01 0000 | 4889 4424 

  0x0000018e888091f0: ;   {metadata(method data for {method} {0x0000018e9d49b040} 'doPrivileged' '(Ljava/security/PrivilegedAction;Ljava/security/AccessControlContext;)Ljava/lang/Object;' in 'java/security/AccessController')}
  0x0000018e888091f0: 5048 ba80 | 4ca9 de8e | 0100 0048 | 8382 2801 | 0000 0148 | 8b54 2440 | 4c8b c00f 

  0x0000018e8880920c: ;   {static_call}
  0x0000018e8880920c: 1f40 00e8 

  0x0000018e88809210: ; ImmutableOopMap {[72]=Oop [80]=Oop }
                      ;*invokestatic checkContext {reexecute=0 rethrow=0 return_oop=0}
                      ; - java.security.AccessController::doPrivileged@6 (line 399)
  0x0000018e88809210: 8ce7 ffff 

  0x0000018e88809214: ;   {other}
  0x0000018e88809214: 0f1f 8400 | 0c02 0001 | 4889 4424 

  0x0000018e88809220: ;   {metadata(method data for {method} {0x0000018e9d49b040} 'doPrivileged' '(Ljava/security/PrivilegedAction;Ljava/security/AccessControlContext;)Ljava/lang/Object;' in 'java/security/AccessController')}
  0x0000018e88809220: 5848 ba80 | 4ca9 de8e | 0100 0048 | 8382 3801 

  0x0000018e88809230: ;   {metadata(method data for {method} {0x0000018e9d49b2c8} 'executePrivileged' '(Ljava/security/PrivilegedAction;Ljava/security/AccessControlContext;Ljava/lang/Class;)Ljava/lang/Object;' in 'java/security/AccessController')}
  0x0000018e88809230: 0000 0148 | ba90 350f | de8e 0100 | 008b b2cc | 0000 0083 | c602 89b2 | cc00 0000 | 81e6 feff 
  0x0000018e88809250: 1f00 85f6 | 0f84 fd01 | 0000 4885 

  0x0000018e8880925c: ;   {metadata(method data for {method} {0x0000018e9d49b2c8} 'executePrivileged' '(Ljava/security/PrivilegedAction;Ljava/security/AccessControlContext;Ljava/lang/Class;)Ljava/lang/Object;' in 'java/security/AccessController')}
  0x0000018e8880925c: c048 ba90 | 350f de8e | 0100 00be | 1801 0000 | 7405 be28 | 0100 0048 | 8b3c 3248 | 8d7f 0148 
  0x0000018e8880927c: 893c 320f | 8427 0000 

  0x0000018e88809284: ;   {metadata(method data for {method} {0x0000018e9d49b2c8} 'executePrivileged' '(Ljava/security/PrivilegedAction;Ljava/security/AccessControlContext;Ljava/lang/Class;)Ljava/lang/Object;' in 'java/security/AccessController')}
  0x0000018e88809284: 0048 ba90 | 350f de8e | 0100 0048 | 8382 3801 | 0000 0148 | 8bd0 0f1f 

  0x0000018e8880929c: ;   {static_call}
  0x0000018e8880929c: 4400 00e8 

  0x0000018e888092a0: ; ImmutableOopMap {[72]=Oop [80]=Oop [88]=Oop }
                      ;*invokestatic ensureMaterializedForStackWalk {reexecute=0 rethrow=0 return_oop=0}
                      ; - java.security.AccessController::executePrivileged@5 (line 774)
                      ; - java.security.AccessController::doPrivileged@13 (line 400)
  0x0000018e888092a0: 0cb7 9407 

  0x0000018e888092a4: ;   {other}
  0x0000018e888092a4: 0f1f 8400 | 9c02 0002 

  0x0000018e888092ac: ;   {metadata(method data for {method} {0x0000018e9d49b2c8} 'executePrivileged' '(Ljava/security/PrivilegedAction;Ljava/security/AccessControlContext;Ljava/lang/Class;)Ljava/lang/Object;' in 'java/security/AccessController')}
  0x0000018e888092ac: 48ba 9035 | 0fde 8e01 | 0000 ff82 | 4801 0000 | 488b 5424 | 4848 3b02 

  0x0000018e888092c4: ;   {metadata(method data for {method} {0x0000018e9d49b2c8} 'executePrivileged' '(Ljava/security/PrivilegedAction;Ljava/security/AccessControlContext;Ljava/lang/Class;)Ljava/lang/Object;' in 'java/security/AccessController')}
  0x0000018e888092c4: 488b f248 | bf90 350f | de8e 0100 | 008b 7608 | 49ba 0000 | 009d 8e01 | 0000 4903 | f248 3bb7 
  0x0000018e888092e4: b001 0000 | 750d 4883 | 87b8 0100 | 0001 e960 | 0000 0048 | 3bb7 c001 | 0000 750d | 4883 87c8 
  0x0000018e88809304: 0100 0001 | e94a 0000 | 0048 83bf | b001 0000 | 0075 1748 | 89b7 b001 | 0000 48c7 | 87b8 0100 
  0x0000018e88809324: 0001 0000 | 00e9 2900 | 0000 4883 | bfc0 0100 | 0000 7517 | 4889 b7c0 | 0100 0048 | c787 c801 
  0x0000018e88809344: 0000 0100 | 0000 e908 | 0000 0048 | 8387 a801 | 0000 0166 | 0f1f 4400 | 0048 b810 | c78f e38e 
  0x0000018e88809364: ;   {virtual_call}
  0x0000018e88809364: 0100 00e8 

  0x0000018e88809368: ; ImmutableOopMap {[80]=Oop [88]=Oop }
                      ;*invokeinterface run {reexecute=0 rethrow=0 return_oop=0}
                      ; - java.security.AccessController::executePrivileged@29 (line 778)
                      ; - java.security.AccessController::doPrivileged@13 (line 400)
  0x0000018e88809368: 259e 3e07 

  0x0000018e8880936c: ;   {other}
  0x0000018e8880936c: 0f1f 8400 | 6403 0003 

  0x0000018e88809374: ;   {metadata(method data for {method} {0x0000018e9d49b2c8} 'executePrivileged' '(Ljava/security/PrivilegedAction;Ljava/security/AccessControlContext;Ljava/lang/Class;)Ljava/lang/Object;' in 'java/security/AccessController')}
  0x0000018e88809374: 48ba 9035 | 0fde 8e01 | 0000 ff82 | d801 0000 

  0x0000018e88809384: ;   {metadata(method data for {method} {0x0000018e9d49b2c8} 'executePrivileged' '(Ljava/security/PrivilegedAction;Ljava/security/AccessControlContext;Ljava/lang/Class;)Ljava/lang/Object;' in 'java/security/AccessController')}
  0x0000018e88809384: 48ba 9035 | 0fde 8e01 | 0000 4883 | 8238 0200 | 0001 488b | d048 8944 

  0x0000018e8880939c: ;   {static_call}
  0x0000018e8880939c: 2460 90e8 

  0x0000018e888093a0: ; ImmutableOopMap {[80]=Oop [88]=Oop [96]=Oop }
                      ;*invokestatic ensureMaterializedForStackWalk {reexecute=0 rethrow=0 return_oop=0}
                      ; - java.security.AccessController::executePrivileged@56 (line 786)
                      ; - java.security.AccessController::doPrivileged@13 (line 400)
  0x0000018e888093a0: 3c5a 3e07 

  0x0000018e888093a4: ;   {other}
  0x0000018e888093a4: 0f1f 8400 | 9c03 0004 

  0x0000018e888093ac: ;   {metadata(method data for {method} {0x0000018e9d49b2c8} 'executePrivileged' '(Ljava/security/PrivilegedAction;Ljava/security/AccessControlContext;Ljava/lang/Class;)Ljava/lang/Object;' in 'java/security/AccessController')}
  0x0000018e888093ac: 48b8 9035 | 0fde 8e01 | 0000 4883 | 8048 0200 

  0x0000018e888093bc: ;   {metadata(method data for {method} {0x0000018e9d1957a0} 'reachabilityFence' '(Ljava/lang/Object;)V' in 'java/lang/ref/Reference')}
  0x0000018e888093bc: 0001 48b8 | a8fb 0bde | 8e01 0000 | 8bb0 cc00 | 0000 83c6 | 0289 b0cc | 0000 0081 | e6fe ff1f 
  0x0000018e888093dc: 0085 f60f | 8498 0000 

  0x0000018e888093e4: ;   {metadata(method data for {method} {0x0000018e9d49b2c8} 'executePrivileged' '(Ljava/security/PrivilegedAction;Ljava/security/AccessControlContext;Ljava/lang/Class;)Ljava/lang/Object;' in 'java/security/AccessController')}
  0x0000018e888093e4: 0048 b890 | 350f de8e | 0100 0048 | 8380 5802 

  0x0000018e888093f4: ;   {metadata(method data for {method} {0x0000018e9d1957a0} 'reachabilityFence' '(Ljava/lang/Object;)V' in 'java/lang/ref/Reference')}
  0x0000018e888093f4: 0000 0148 | b8a8 fb0b | de8e 0100 | 008b b0cc | 0000 0083 | c602 89b0 | cc00 0000 | 81e6 feff 
  0x0000018e88809414: 1f00 85f6 | 0f84 8000 | 0000 488b | 4424 6048 | 83c4 705d 

  0x0000018e88809428: ;   {poll_return}
  0x0000018e88809428: 493b a748 | 0400 000f | 878a 0000 

  0x0000018e88809434: ;   {metadata({method} {0x0000018e9d49b040} 'doPrivileged' '(Ljava/security/PrivilegedAction;Ljava/security/AccessControlContext;)Ljava/lang/Object;' in 'java/security/AccessController')}
  0x0000018e88809434: 00c3 49ba | 38b0 499d | 8e01 0000 | 4c89 5424 | 0848 c704 | 24ff ffff 

  0x0000018e8880944c: ;   {runtime_call counter_overflow Runtime1 stub}
  0x0000018e8880944c: ffe8 0ebf 

  0x0000018e88809450: ; ImmutableOopMap {rdx=Oop r8=Oop }
                      ;*synchronization entry
                      ; - java.security.AccessController::doPrivileged@-1 (line 398)
  0x0000018e88809450: 4a07 e96b 

  0x0000018e88809454: ;   {metadata({method} {0x0000018e9d49b2c8} 'executePrivileged' '(Ljava/security/PrivilegedAction;Ljava/security/AccessControlContext;Ljava/lang/Class;)Ljava/lang/Object;' in 'java/security/AccessController')}
  0x0000018e88809454: fdff ff49 | bac0 b249 | 9d8e 0100 | 004c 8954 | 2408 48c7 | 0424 ffff 

  0x0000018e8880946c: ;   {runtime_call counter_overflow Runtime1 stub}
  0x0000018e8880946c: ffff e8ed 

  0x0000018e88809470: ; ImmutableOopMap {rax=Oop [72]=Oop [80]=Oop [88]=Oop }
                      ;*synchronization entry
                      ; - java.security.AccessController::executePrivileged@-1 (line 773)
                      ; - java.security.AccessController::doPrivileged@13 (line 400)
  0x0000018e88809470: be4a 07e9 | e2fd ffff 

  0x0000018e88809478: ;   {runtime_call throw_null_pointer_exception Runtime1 stub}
  0x0000018e88809478: e8e3 6d4a 

  0x0000018e8880947c: ; ImmutableOopMap {rdx=Oop [80]=Oop [88]=Oop }
                      ;*invokeinterface run {reexecute=0 rethrow=0 return_oop=0}
                      ; - java.security.AccessController::executePrivileged@29 (line 778)
                      ; - java.security.AccessController::doPrivileged@13 (line 400)
                      ;   {metadata({method} {0x0000018e9d1957a0} 'reachabilityFence' '(Ljava/lang/Object;)V' in 'java/lang/ref/Reference')}
  0x0000018e8880947c: 0749 ba98 | 5719 9d8e | 0100 004c | 8954 2408 | 48c7 0424 | ffff ffff 

  0x0000018e88809494: ;   {runtime_call counter_overflow Runtime1 stub}
  0x0000018e88809494: e8c7 be4a 

  0x0000018e88809498: ; ImmutableOopMap {[80]=Oop [96]=Oop }
                      ;*synchronization entry
                      ; - java.lang.ref.Reference::reachabilityFence@-1 (line 661)
                      ; - java.security.AccessController::executePrivileged@60 (line 790)
                      ; - java.security.AccessController::doPrivileged@13 (line 400)
  0x0000018e88809498: 07e9 47ff 

  0x0000018e8880949c: ;   {metadata({method} {0x0000018e9d1957a0} 'reachabilityFence' '(Ljava/lang/Object;)V' in 'java/lang/ref/Reference')}
  0x0000018e8880949c: ffff 49ba | 9857 199d | 8e01 0000 | 4c89 5424 | 0848 c704 | 24ff ffff 

  0x0000018e888094b4: ;   {runtime_call counter_overflow Runtime1 stub}
  0x0000018e888094b4: ffe8 a6be 

  0x0000018e888094b8: ; ImmutableOopMap {[96]=Oop }
                      ;*synchronization entry
                      ; - java.lang.ref.Reference::reachabilityFence@-1 (line 661)
                      ; - java.security.AccessController::executePrivileged@64 (line 791)
                      ; - java.security.AccessController::doPrivileged@13 (line 400)
  0x0000018e888094b8: 4a07 e95f 

  0x0000018e888094bc: ;   {internal_word}
  0x0000018e888094bc: ffff ff49 | ba28 9480 | 888e 0100 | 004d 8997 | 6004 0000 

  0x0000018e888094d0: ;   {runtime_call SafepointBlob}
  0x0000018e888094d0: e90b bf3e | 0749 8b87 | 0005 0000 | 49c7 8700 | 0500 0000 | 0000 0049 | c787 0805 | 0000 0000 
  0x0000018e888094f0: 0000 4883 

  0x0000018e888094f4: ;   {runtime_call unwind_exception Runtime1 stub}
  0x0000018e888094f4: c470 5de9 | 645e 4a07 | f4f4 f4f4 
[Stub Code]
  0x0000018e88809500: ;   {no_reloc}
  0x0000018e88809500: 0f1f 4400 

  0x0000018e88809504: ;   {static_stub}
  0x0000018e88809504: 0048 bb00 | 0000 0000 

  0x0000018e8880950c: ;   {runtime_call nmethod}
  0x0000018e8880950c: 0000 00e9 | fbff ffff 

  0x0000018e88809514: ;   {static_stub}
  0x0000018e88809514: 48bb 0000 | 0000 0000 

  0x0000018e8880951c: ;   {runtime_call nmethod}
  0x0000018e8880951c: 0000 e9fb 

  0x0000018e88809520: ;   {static_stub}
  0x0000018e88809520: ffff ff48 | bb00 0000 | 0000 0000 

  0x0000018e8880952c: ;   {runtime_call nmethod}
  0x0000018e8880952c: 00e9 fbff 

  0x0000018e88809530: ;   {static_stub}
  0x0000018e88809530: ffff 48bb | 0000 0000 | 0000 0000 

  0x0000018e8880953c: ;   {runtime_call nmethod}
  0x0000018e8880953c: e9fb ffff 

  0x0000018e88809540: ;   {runtime_call handle_exception_from_callee Runtime1 stub}
  0x0000018e88809540: ffe8 1a8b 

  0x0000018e88809544: ;   {external_word}
  0x0000018e88809544: 4a07 48b9 | 40d5 2706 | fa7f 0000 | 4883 e4f0 

  0x0000018e88809554: ;   {runtime_call}
  0x0000018e88809554: 48b8 704a | ee05 fa7f | 0000 ffd0 

  0x0000018e88809560: ;   {section_word}
  0x0000018e88809560: f449 ba61 | 9580 888e | 0100 0041 

  0x0000018e8880956c: ;   {runtime_call DeoptimizationBlob}
  0x0000018e8880956c: 52e9 0eb1 | 3e07 f4f4 | f4f4 f4f4 
[/MachCode]


---------------  P R O C E S S  ---------------

Threads class SMR info:
_java_thread_list=0x0000018ee37889f0, length=17, elements={
0x0000018eff0b0ba0, 0x0000018eff0b1ac0, 0x0000018eff0b69a0, 0x0000018eff0b7400,
0x0000018eff0b7e60, 0x0000018eff0b8ed0, 0x0000018eff0bd610, 0x0000018eff0cc920,
0x0000018e9c63de00, 0x0000018e9c6438b0, 0x0000018e9c837da0, 0x0000018e9c83d450,
0x0000018e9c842d50, 0x0000018e9c8bcb80, 0x0000018efbce7780, 0x0000018ee3789020,
0x0000018ee38eae70
}

Java Threads: ( => current thread )
  0x0000018eff0b0ba0 JavaThread "Reference Handler"          daemon [_thread_blocked, id=13876, stack(0x0000003e58100000,0x0000003e58200000) (1024K)]
  0x0000018eff0b1ac0 JavaThread "Finalizer"                  daemon [_thread_blocked, id=11236, stack(0x0000003e58200000,0x0000003e58300000) (1024K)]
  0x0000018eff0b69a0 JavaThread "Signal Dispatcher"          daemon [_thread_blocked, id=10768, stack(0x0000003e58300000,0x0000003e58400000) (1024K)]
  0x0000018eff0b7400 JavaThread "Attach Listener"            daemon [_thread_blocked, id=13520, stack(0x0000003e58400000,0x0000003e58500000) (1024K)]
  0x0000018eff0b7e60 JavaThread "Service Thread"             daemon [_thread_blocked, id=5320, stack(0x0000003e58500000,0x0000003e58600000) (1024K)]
  0x0000018eff0b8ed0 JavaThread "Monitor Deflation Thread"   daemon [_thread_blocked, id=13052, stack(0x0000003e58600000,0x0000003e58700000) (1024K)]
  0x0000018eff0bd610 JavaThread "C2 CompilerThread0"         daemon [_thread_blocked, id=2856, stack(0x0000003e58700000,0x0000003e58800000) (1024K)]
  0x0000018eff0cc920 JavaThread "C1 CompilerThread0"         daemon [_thread_blocked, id=800, stack(0x0000003e58800000,0x0000003e58900000) (1024K)]
  0x0000018e9c63de00 JavaThread "Notification Thread"        daemon [_thread_blocked, id=13080, stack(0x0000003e58900000,0x0000003e58a00000) (1024K)]
  0x0000018e9c6438b0 JavaThread "Common-Cleaner"             daemon [_thread_blocked, id=456, stack(0x0000003e58a00000,0x0000003e58b00000) (1024K)]
  0x0000018e9c837da0 JavaThread "Java2D Disposer"            daemon [_thread_blocked, id=10580, stack(0x0000003e58b00000,0x0000003e58c00000) (1024K)]
  0x0000018e9c83d450 JavaThread "AWT-Shutdown"                      [_thread_blocked, id=5136, stack(0x0000003e58c00000,0x0000003e58d00000) (1024K)]
  0x0000018e9c842d50 JavaThread "AWT-Windows"                daemon [_thread_in_native, id=5532, stack(0x0000003e58d00000,0x0000003e58e00000) (1024K)]
=>0x0000018e9c8bcb80 JavaThread "AWT-EventQueue-0"                  [_thread_in_native, id=892, stack(0x0000003e58e00000,0x0000003e58f00000) (1024K)]
  0x0000018efbce7780 JavaThread "DestroyJavaVM"                     [_thread_blocked, id=8188, stack(0x0000003e57900000,0x0000003e57a00000) (1024K)]
  0x0000018ee3789020 JavaThread "mysql-cj-abandoned-connection-cleanup" daemon [_thread_blocked, id=2964, stack(0x0000003e59200000,0x0000003e59300000) (1024K)]
  0x0000018ee38eae70 JavaThread "TimerQueue"                 daemon [_thread_blocked, id=11460, stack(0x0000003e59400000,0x0000003e59500000) (1024K)]
Total: 17

Other Threads:
  0x0000018eff097cf0 VMThread "VM Thread"                           [id=6104, stack(0x0000003e58000000,0x0000003e58100000) (1024K)]
  0x0000018eff086a90 WatcherThread "VM Periodic Task Thread"        [id=14496, stack(0x0000003e57f00000,0x0000003e58000000) (1024K)]
  0x0000018efdf8ce60 WorkerThread "GC Thread#0"                     [id=13340, stack(0x0000003e57a00000,0x0000003e57b00000) (1024K)]
  0x0000018efdfb8c80 ConcurrentGCThread "G1 Main Marker"            [id=9428, stack(0x0000003e57b00000,0x0000003e57c00000) (1024K)]
  0x0000018efdfb9f30 WorkerThread "G1 Conc#0"                       [id=4732, stack(0x0000003e57c00000,0x0000003e57d00000) (1024K)]
  0x0000018efef55e70 ConcurrentGCThread "G1 Refine#0"               [id=11040, stack(0x0000003e57d00000,0x0000003e57e00000) (1024K)]
  0x0000018efef569f0 ConcurrentGCThread "G1 Service"                [id=3948, stack(0x0000003e57e00000,0x0000003e57f00000) (1024K)]
Total: 7

Threads with active compile tasks:
Total: 0

VM state: not at safepoint (normal execution)

VM Mutex/Monitor currently owned by a thread: None

Heap address: 0x0000000745400000, size: 2988 MB, Compressed Oops mode: Zero based, Oop shift amount: 3

CDS archive(s) mapped at: [0x0000018e9d000000-0x0000018e9dd70000-0x0000018e9dd70000), size 14090240, SharedBaseAddress: 0x0000018e9d000000, ArchiveRelocationMode: 1.
Compressed class space mapped at: 0x0000018e9e000000-0x0000018ede000000, reserved size: 1073741824
Narrow klass base: 0x0000018e9d000000, Narrow klass shift: 0, Narrow klass range: 0x41000000

GC Precious Log:
 CardTable entry size: 512
 Card Set container configuration: InlinePtr #cards 4 size 8 Array Of Cards #cards 16 size 48 Howl #buckets 8 coarsen threshold 3686 Howl Bitmap #cards 512 size 80 coarsen threshold 460 Card regions per heap region 1 cards per card region 4096
 CPUs: 4 total, 4 available
 Memory: 11947M
 Large Page Support: Disabled
 NUMA Support: Disabled
 Compressed Oops: Enabled (Zero based)
 Heap Region Size: 2M
 Heap Min Capacity: 8M
 Heap Initial Capacity: 188M
 Heap Max Capacity: 2988M
 Pre-touch: Disabled
 Parallel Workers: 4
 Concurrent Workers: 1
 Concurrent Refinement Workers: 4
 Periodic GC: Disabled

Heap:
 garbage-first heap   total reserved 3059712K, committed 192512K, used 12288K [0x0000000745400000, 0x0000000800000000)
  region size 2048K, 7 young (14336K), 0 survivors (0K)
 Metaspace       used 12981K, committed 13184K, reserved 1114112K
  class space    used 1515K, committed 1600K, reserved 1048576K

Heap Regions: E=young(eden), S=young(survivor), O=old, HS=humongous(starts), HC=humongous(continues), CS=collection set, F=free, TAMS=top-at-mark-start, PB=parsable bottom
|   0|0x0000000745400000, 0x0000000745400000, 0x0000000745600000|  0%| F|  |TAMS 0x0000000745400000| PB 0x0000000745400000| Untracked |  0
|   1|0x0000000745600000, 0x0000000745600000, 0x0000000745800000|  0%| F|  |TAMS 0x0000000745600000| PB 0x0000000745600000| Untracked |  0
|   2|0x0000000745800000, 0x0000000745800000, 0x0000000745a00000|  0%| F|  |TAMS 0x0000000745800000| PB 0x0000000745800000| Untracked |  0
|   3|0x0000000745a00000, 0x0000000745a00000, 0x0000000745c00000|  0%| F|  |TAMS 0x0000000745a00000| PB 0x0000000745a00000| Untracked |  0
|   4|0x0000000745c00000, 0x0000000745c00000, 0x0000000745e00000|  0%| F|  |TAMS 0x0000000745c00000| PB 0x0000000745c00000| Untracked |  0
|   5|0x0000000745e00000, 0x0000000745e00000, 0x0000000746000000|  0%| F|  |TAMS 0x0000000745e00000| PB 0x0000000745e00000| Untracked |  0
|   6|0x0000000746000000, 0x0000000746000000, 0x0000000746200000|  0%| F|  |TAMS 0x0000000746000000| PB 0x0000000746000000| Untracked |  0
|   7|0x0000000746200000, 0x0000000746200000, 0x0000000746400000|  0%| F|  |TAMS 0x0000000746200000| PB 0x0000000746200000| Untracked |  0
|   8|0x0000000746400000, 0x0000000746400000, 0x0000000746600000|  0%| F|  |TAMS 0x0000000746400000| PB 0x0000000746400000| Untracked |  0
|   9|0x0000000746600000, 0x0000000746600000, 0x0000000746800000|  0%| F|  |TAMS 0x0000000746600000| PB 0x0000000746600000| Untracked |  0
|  10|0x0000000746800000, 0x0000000746800000, 0x0000000746a00000|  0%| F|  |TAMS 0x0000000746800000| PB 0x0000000746800000| Untracked |  0
|  11|0x0000000746a00000, 0x0000000746a00000, 0x0000000746c00000|  0%| F|  |TAMS 0x0000000746a00000| PB 0x0000000746a00000| Untracked |  0
|  12|0x0000000746c00000, 0x0000000746c00000, 0x0000000746e00000|  0%| F|  |TAMS 0x0000000746c00000| PB 0x0000000746c00000| Untracked |  0
|  13|0x0000000746e00000, 0x0000000746e00000, 0x0000000747000000|  0%| F|  |TAMS 0x0000000746e00000| PB 0x0000000746e00000| Untracked |  0
|  14|0x0000000747000000, 0x0000000747000000, 0x0000000747200000|  0%| F|  |TAMS 0x0000000747000000| PB 0x0000000747000000| Untracked |  0
|  15|0x0000000747200000, 0x0000000747200000, 0x0000000747400000|  0%| F|  |TAMS 0x0000000747200000| PB 0x0000000747200000| Untracked |  0
|  16|0x0000000747400000, 0x0000000747400000, 0x0000000747600000|  0%| F|  |TAMS 0x0000000747400000| PB 0x0000000747400000| Untracked |  0
|  17|0x0000000747600000, 0x0000000747600000, 0x0000000747800000|  0%| F|  |TAMS 0x0000000747600000| PB 0x0000000747600000| Untracked |  0
|  18|0x0000000747800000, 0x0000000747800000, 0x0000000747a00000|  0%| F|  |TAMS 0x0000000747800000| PB 0x0000000747800000| Untracked |  0
|  19|0x0000000747a00000, 0x0000000747a00000, 0x0000000747c00000|  0%| F|  |TAMS 0x0000000747a00000| PB 0x0000000747a00000| Untracked |  0
|  20|0x0000000747c00000, 0x0000000747c00000, 0x0000000747e00000|  0%| F|  |TAMS 0x0000000747c00000| PB 0x0000000747c00000| Untracked |  0
|  21|0x0000000747e00000, 0x0000000747e00000, 0x0000000748000000|  0%| F|  |TAMS 0x0000000747e00000| PB 0x0000000747e00000| Untracked |  0
|  22|0x0000000748000000, 0x0000000748000000, 0x0000000748200000|  0%| F|  |TAMS 0x0000000748000000| PB 0x0000000748000000| Untracked |  0
|  23|0x0000000748200000, 0x0000000748200000, 0x0000000748400000|  0%| F|  |TAMS 0x0000000748200000| PB 0x0000000748200000| Untracked |  0
|  24|0x0000000748400000, 0x0000000748400000, 0x0000000748600000|  0%| F|  |TAMS 0x0000000748400000| PB 0x0000000748400000| Untracked |  0
|  25|0x0000000748600000, 0x0000000748600000, 0x0000000748800000|  0%| F|  |TAMS 0x0000000748600000| PB 0x0000000748600000| Untracked |  0
|  26|0x0000000748800000, 0x0000000748800000, 0x0000000748a00000|  0%| F|  |TAMS 0x0000000748800000| PB 0x0000000748800000| Untracked |  0
|  27|0x0000000748a00000, 0x0000000748a00000, 0x0000000748c00000|  0%| F|  |TAMS 0x0000000748a00000| PB 0x0000000748a00000| Untracked |  0
|  28|0x0000000748c00000, 0x0000000748c00000, 0x0000000748e00000|  0%| F|  |TAMS 0x0000000748c00000| PB 0x0000000748c00000| Untracked |  0
|  29|0x0000000748e00000, 0x0000000748e00000, 0x0000000749000000|  0%| F|  |TAMS 0x0000000748e00000| PB 0x0000000748e00000| Untracked |  0
|  30|0x0000000749000000, 0x0000000749000000, 0x0000000749200000|  0%| F|  |TAMS 0x0000000749000000| PB 0x0000000749000000| Untracked |  0
|  31|0x0000000749200000, 0x0000000749200000, 0x0000000749400000|  0%| F|  |TAMS 0x0000000749200000| PB 0x0000000749200000| Untracked |  0
|  32|0x0000000749400000, 0x0000000749400000, 0x0000000749600000|  0%| F|  |TAMS 0x0000000749400000| PB 0x0000000749400000| Untracked |  0
|  33|0x0000000749600000, 0x0000000749600000, 0x0000000749800000|  0%| F|  |TAMS 0x0000000749600000| PB 0x0000000749600000| Untracked |  0
|  34|0x0000000749800000, 0x0000000749800000, 0x0000000749a00000|  0%| F|  |TAMS 0x0000000749800000| PB 0x0000000749800000| Untracked |  0
|  35|0x0000000749a00000, 0x0000000749a00000, 0x0000000749c00000|  0%| F|  |TAMS 0x0000000749a00000| PB 0x0000000749a00000| Untracked |  0
|  36|0x0000000749c00000, 0x0000000749c00000, 0x0000000749e00000|  0%| F|  |TAMS 0x0000000749c00000| PB 0x0000000749c00000| Untracked |  0
|  37|0x0000000749e00000, 0x0000000749e00000, 0x000000074a000000|  0%| F|  |TAMS 0x0000000749e00000| PB 0x0000000749e00000| Untracked |  0
|  38|0x000000074a000000, 0x000000074a000000, 0x000000074a200000|  0%| F|  |TAMS 0x000000074a000000| PB 0x000000074a000000| Untracked |  0
|  39|0x000000074a200000, 0x000000074a200000, 0x000000074a400000|  0%| F|  |TAMS 0x000000074a200000| PB 0x000000074a200000| Untracked |  0
|  40|0x000000074a400000, 0x000000074a400000, 0x000000074a600000|  0%| F|  |TAMS 0x000000074a400000| PB 0x000000074a400000| Untracked |  0
|  41|0x000000074a600000, 0x000000074a600000, 0x000000074a800000|  0%| F|  |TAMS 0x000000074a600000| PB 0x000000074a600000| Untracked |  0
|  42|0x000000074a800000, 0x000000074a800000, 0x000000074aa00000|  0%| F|  |TAMS 0x000000074a800000| PB 0x000000074a800000| Untracked |  0
|  43|0x000000074aa00000, 0x000000074aa00000, 0x000000074ac00000|  0%| F|  |TAMS 0x000000074aa00000| PB 0x000000074aa00000| Untracked |  0
|  44|0x000000074ac00000, 0x000000074ac00000, 0x000000074ae00000|  0%| F|  |TAMS 0x000000074ac00000| PB 0x000000074ac00000| Untracked |  0
|  45|0x000000074ae00000, 0x000000074ae00000, 0x000000074b000000|  0%| F|  |TAMS 0x000000074ae00000| PB 0x000000074ae00000| Untracked |  0
|  46|0x000000074b000000, 0x000000074b000000, 0x000000074b200000|  0%| F|  |TAMS 0x000000074b000000| PB 0x000000074b000000| Untracked |  0
|  47|0x000000074b200000, 0x000000074b200000, 0x000000074b400000|  0%| F|  |TAMS 0x000000074b200000| PB 0x000000074b200000| Untracked |  0
|  48|0x000000074b400000, 0x000000074b400000, 0x000000074b600000|  0%| F|  |TAMS 0x000000074b400000| PB 0x000000074b400000| Untracked |  0
|  49|0x000000074b600000, 0x000000074b600000, 0x000000074b800000|  0%| F|  |TAMS 0x000000074b600000| PB 0x000000074b600000| Untracked |  0
|  50|0x000000074b800000, 0x000000074b800000, 0x000000074ba00000|  0%| F|  |TAMS 0x000000074b800000| PB 0x000000074b800000| Untracked |  0
|  51|0x000000074ba00000, 0x000000074ba00000, 0x000000074bc00000|  0%| F|  |TAMS 0x000000074ba00000| PB 0x000000074ba00000| Untracked |  0
|  52|0x000000074bc00000, 0x000000074bc00000, 0x000000074be00000|  0%| F|  |TAMS 0x000000074bc00000| PB 0x000000074bc00000| Untracked |  0
|  53|0x000000074be00000, 0x000000074be00000, 0x000000074c000000|  0%| F|  |TAMS 0x000000074be00000| PB 0x000000074be00000| Untracked |  0
|  54|0x000000074c000000, 0x000000074c000000, 0x000000074c200000|  0%| F|  |TAMS 0x000000074c000000| PB 0x000000074c000000| Untracked |  0
|  55|0x000000074c200000, 0x000000074c200000, 0x000000074c400000|  0%| F|  |TAMS 0x000000074c200000| PB 0x000000074c200000| Untracked |  0
|  56|0x000000074c400000, 0x000000074c400000, 0x000000074c600000|  0%| F|  |TAMS 0x000000074c400000| PB 0x000000074c400000| Untracked |  0
|  57|0x000000074c600000, 0x000000074c600000, 0x000000074c800000|  0%| F|  |TAMS 0x000000074c600000| PB 0x000000074c600000| Untracked |  0
|  58|0x000000074c800000, 0x000000074c800000, 0x000000074ca00000|  0%| F|  |TAMS 0x000000074c800000| PB 0x000000074c800000| Untracked |  0
|  59|0x000000074ca00000, 0x000000074ca00000, 0x000000074cc00000|  0%| F|  |TAMS 0x000000074ca00000| PB 0x000000074ca00000| Untracked |  0
|  60|0x000000074cc00000, 0x000000074cc00000, 0x000000074ce00000|  0%| F|  |TAMS 0x000000074cc00000| PB 0x000000074cc00000| Untracked |  0
|  61|0x000000074ce00000, 0x000000074ce00000, 0x000000074d000000|  0%| F|  |TAMS 0x000000074ce00000| PB 0x000000074ce00000| Untracked |  0
|  62|0x000000074d000000, 0x000000074d000000, 0x000000074d200000|  0%| F|  |TAMS 0x000000074d000000| PB 0x000000074d000000| Untracked |  0
|  63|0x000000074d200000, 0x000000074d200000, 0x000000074d400000|  0%| F|  |TAMS 0x000000074d200000| PB 0x000000074d200000| Untracked |  0
|  64|0x000000074d400000, 0x000000074d400000, 0x000000074d600000|  0%| F|  |TAMS 0x000000074d400000| PB 0x000000074d400000| Untracked |  0
|  65|0x000000074d600000, 0x000000074d600000, 0x000000074d800000|  0%| F|  |TAMS 0x000000074d600000| PB 0x000000074d600000| Untracked |  0
|  66|0x000000074d800000, 0x000000074d800000, 0x000000074da00000|  0%| F|  |TAMS 0x000000074d800000| PB 0x000000074d800000| Untracked |  0
|  67|0x000000074da00000, 0x000000074da00000, 0x000000074dc00000|  0%| F|  |TAMS 0x000000074da00000| PB 0x000000074da00000| Untracked |  0
|  68|0x000000074dc00000, 0x000000074dc00000, 0x000000074de00000|  0%| F|  |TAMS 0x000000074dc00000| PB 0x000000074dc00000| Untracked |  0
|  69|0x000000074de00000, 0x000000074de00000, 0x000000074e000000|  0%| F|  |TAMS 0x000000074de00000| PB 0x000000074de00000| Untracked |  0
|  70|0x000000074e000000, 0x000000074e000000, 0x000000074e200000|  0%| F|  |TAMS 0x000000074e000000| PB 0x000000074e000000| Untracked |  0
|  71|0x000000074e200000, 0x000000074e200000, 0x000000074e400000|  0%| F|  |TAMS 0x000000074e200000| PB 0x000000074e200000| Untracked |  0
|  72|0x000000074e400000, 0x000000074e400000, 0x000000074e600000|  0%| F|  |TAMS 0x000000074e400000| PB 0x000000074e400000| Untracked |  0
|  73|0x000000074e600000, 0x000000074e600000, 0x000000074e800000|  0%| F|  |TAMS 0x000000074e600000| PB 0x000000074e600000| Untracked |  0
|  74|0x000000074e800000, 0x000000074e800000, 0x000000074ea00000|  0%| F|  |TAMS 0x000000074e800000| PB 0x000000074e800000| Untracked |  0
|  75|0x000000074ea00000, 0x000000074ea00000, 0x000000074ec00000|  0%| F|  |TAMS 0x000000074ea00000| PB 0x000000074ea00000| Untracked |  0
|  76|0x000000074ec00000, 0x000000074ec00000, 0x000000074ee00000|  0%| F|  |TAMS 0x000000074ec00000| PB 0x000000074ec00000| Untracked |  0
|  77|0x000000074ee00000, 0x000000074ee00000, 0x000000074f000000|  0%| F|  |TAMS 0x000000074ee00000| PB 0x000000074ee00000| Untracked |  0
|  78|0x000000074f000000, 0x000000074f000000, 0x000000074f200000|  0%| F|  |TAMS 0x000000074f000000| PB 0x000000074f000000| Untracked |  0
|  79|0x000000074f200000, 0x000000074f200000, 0x000000074f400000|  0%| F|  |TAMS 0x000000074f200000| PB 0x000000074f200000| Untracked |  0
|  80|0x000000074f400000, 0x000000074f400000, 0x000000074f600000|  0%| F|  |TAMS 0x000000074f400000| PB 0x000000074f400000| Untracked |  0
|  81|0x000000074f600000, 0x000000074f600000, 0x000000074f800000|  0%| F|  |TAMS 0x000000074f600000| PB 0x000000074f600000| Untracked |  0
|  82|0x000000074f800000, 0x000000074f800000, 0x000000074fa00000|  0%| F|  |TAMS 0x000000074f800000| PB 0x000000074f800000| Untracked |  0
|  83|0x000000074fa00000, 0x000000074fa00000, 0x000000074fc00000|  0%| F|  |TAMS 0x000000074fa00000| PB 0x000000074fa00000| Untracked |  0
|  84|0x000000074fc00000, 0x000000074fc00000, 0x000000074fe00000|  0%| F|  |TAMS 0x000000074fc00000| PB 0x000000074fc00000| Untracked |  0
|  85|0x000000074fe00000, 0x000000074fe00000, 0x0000000750000000|  0%| F|  |TAMS 0x000000074fe00000| PB 0x000000074fe00000| Untracked |  0
|  86|0x0000000750000000, 0x0000000750000000, 0x0000000750200000|  0%| F|  |TAMS 0x0000000750000000| PB 0x0000000750000000| Untracked |  0
|  87|0x0000000750200000, 0x0000000750390600, 0x0000000750400000| 78%| E|  |TAMS 0x0000000750200000| PB 0x0000000750200000| Complete |  1
|  88|0x0000000750400000, 0x0000000750600000, 0x0000000750600000|100%| E|CS|TAMS 0x0000000750400000| PB 0x0000000750400000| Complete |  0
|  89|0x0000000750600000, 0x0000000750800000, 0x0000000750800000|100%| E|CS|TAMS 0x0000000750600000| PB 0x0000000750600000| Complete |  0
|  90|0x0000000750800000, 0x0000000750a00000, 0x0000000750a00000|100%| E|CS|TAMS 0x0000000750800000| PB 0x0000000750800000| Complete |  0
|  91|0x0000000750a00000, 0x0000000750c00000, 0x0000000750c00000|100%| E|CS|TAMS 0x0000000750a00000| PB 0x0000000750a00000| Complete |  0
|  92|0x0000000750c00000, 0x0000000750e00000, 0x0000000750e00000|100%| E|CS|TAMS 0x0000000750c00000| PB 0x0000000750c00000| Complete |  0
|  93|0x0000000750e00000, 0x0000000751000000, 0x0000000751000000|100%| E|CS|TAMS 0x0000000750e00000| PB 0x0000000750e00000| Complete |  0

Card table byte_map: [0x0000018efe5f0000,0x0000018efebd0000] _byte_map_base: 0x0000018efabc6000

Marking Bits: (CMBitMap*) 0x0000018efdf8d570
 Bits: [0x0000018e97670000, 0x0000018e9a520000)

Polling page: 0x0000018efd710000

Metaspace:

Usage:
  Non-class:     11.20 MB used.
      Class:      1.48 MB used.
       Both:     12.68 MB used.

Virtual space:
  Non-class space:       64.00 MB reserved,      11.31 MB ( 18%) committed,  1 nodes.
      Class space:        1.00 GB reserved,       1.56 MB ( <1%) committed,  1 nodes.
             Both:        1.06 GB reserved,      12.88 MB (  1%) committed. 

Chunk freelists:
   Non-Class:  4.32 MB
       Class:  14.25 MB
        Both:  18.57 MB

MaxMetaspaceSize: unlimited
CompressedClassSpaceSize: 1.00 GB
Initial GC threshold: 21.00 MB
Current GC threshold: 21.00 MB
CDS: on
 - commit_granule_bytes: 65536.
 - commit_granule_words: 8192.
 - virtual_space_node_default_size: 8388608.
 - enlarge_chunks_in_place: 1.
 - use_allocation_guard: 0.


Internal statistics:

num_allocs_failed_limit: 0.
num_arena_births: 180.
num_arena_deaths: 0.
num_vsnodes_births: 2.
num_vsnodes_deaths: 0.
num_space_committed: 206.
num_space_uncommitted: 0.
num_chunks_returned_to_freelist: 0.
num_chunks_taken_from_freelist: 317.
num_chunk_merges: 0.
num_chunk_splits: 196.
num_chunks_enlarged: 109.
num_inconsistent_stats: 0.

CodeHeap 'non-profiled nmethods': size=120064Kb used=366Kb max_used=366Kb free=119697Kb
 bounds [0x0000018e90130000, 0x0000018e903a0000, 0x0000018e97670000]
CodeHeap 'profiled nmethods': size=120000Kb used=1641Kb max_used=1641Kb free=118358Kb
 bounds [0x0000018e88670000, 0x0000018e888e0000, 0x0000018e8fba0000]
CodeHeap 'non-nmethods': size=5696Kb used=1637Kb max_used=1652Kb free=4058Kb
 bounds [0x0000018e8fba0000, 0x0000018e8fe10000, 0x0000018e90130000]
CodeCache: size=245760Kb, used=3644Kb, max_used=3659Kb, free=242113Kb
 total_blobs=2021, nmethods=1312, adapters=615, full_count=0
Compilation: enabled, stopped_count=0, restarted_count=0

Compilation events (20 events):
Event: 1894.964 Thread 0x0000018eff0cc920 1302       3       java.security.AccessController::checkContext (49 bytes)
Event: 1894.964 Thread 0x0000018eff0cc920 nmethod 1302 0x0000018e88807888 code [0x0000018e888079a0, 0x0000018e88807b78]
Event: 1894.971 Thread 0x0000018eff0cc920 1303       3       java.beans.PropertyChangeSupport::firePropertyChange (35 bytes)
Event: 1894.972 Thread 0x0000018eff0cc920 nmethod 1303 0x0000018e88807c08 code [0x0000018e88807d80, 0x0000018e88808510]
Event: 2289.551 Thread 0x0000018eff0bd610 1305       4       jdk.internal.misc.Unsafe::putReferenceOpaque (9 bytes)
Event: 2289.555 Thread 0x0000018eff0bd610 nmethod 1305 0x0000018e9018b488 code [0x0000018e9018b580, 0x0000018e9018b6d0]
Event: 4178.336 Thread 0x0000018eff0bd610 1306       4       jdk.internal.logger.SurrogateLogger::defaultPlatformLevel (4 bytes)
Event: 4178.336 Thread 0x0000018eff0bd610 nmethod 1306 0x0000018e9018b788 code [0x0000018e9018b880, 0x0000018e9018b900]
Event: 4178.372 Thread 0x0000018eff0cc920 1307   !   3       java.awt.Toolkit::setDesktopProperty (81 bytes)
Event: 4178.373 Thread 0x0000018eff0cc920 nmethod 1307 0x0000018e88808588 code [0x0000018e88808720, 0x0000018e88808fc0]
Event: 4178.696 Thread 0x0000018eff0cc920 1308       3       java.security.AccessController::doPrivileged (17 bytes)
Event: 4178.697 Thread 0x0000018eff0cc920 nmethod 1308 0x0000018e88809008 code [0x0000018e88809180, 0x0000018e88809578]
Event: 4178.770 Thread 0x0000018eff0cc920 1309       3       sun.awt.AWTAutoShutdown::notifyToolkitThreadBusy (8 bytes)
Event: 4178.770 Thread 0x0000018eff0cc920 nmethod 1309 0x0000018e88809608 code [0x0000018e88809740, 0x0000018e888098c8]
Event: 4178.895 Thread 0x0000018eff0cc920 1310       3       java.lang.Boolean::valueOf (14 bytes)
Event: 4178.895 Thread 0x0000018eff0cc920 nmethod 1310 0x0000018e88809908 code [0x0000018e88809a20, 0x0000018e88809b88]
Event: 4178.908 Thread 0x0000018eff0cc920 1311       3       java.awt.Color::<init> (72 bytes)
Event: 4178.908 Thread 0x0000018eff0cc920 nmethod 1311 0x0000018e88809c08 code [0x0000018e88809d40, 0x0000018e88809fb8]
Event: 4178.910 Thread 0x0000018eff0cc920 1312       3       sun.awt.AWTAutoShutdown::notifyToolkitThreadFree (8 bytes)
Event: 4178.910 Thread 0x0000018eff0cc920 nmethod 1312 0x0000018e8880a008 code [0x0000018e8880a140, 0x0000018e8880a2c8]

GC Heap History (0 events):
No events

Dll operation events (10 events):
Event: 0.008 Loaded shared library C:\Program Files\Java\jdk-23\bin\java.dll
Event: 0.038 Loaded shared library C:\Program Files\Java\jdk-23\bin\jsvml.dll
Event: 0.058 Loaded shared library C:\Program Files\Java\jdk-23\bin\net.dll
Event: 0.060 Loaded shared library C:\Program Files\Java\jdk-23\bin\nio.dll
Event: 0.065 Loaded shared library C:\Program Files\Java\jdk-23\bin\zip.dll
Event: 0.074 Loaded shared library C:\Program Files\Java\jdk-23\bin\jimage.dll
Event: 0.103 Loaded shared library C:\Program Files\Java\jdk-23\bin\awt.dll
Event: 0.221 Loaded shared library C:\Program Files\Java\jdk-23\bin\freetype.dll
Event: 0.221 Loaded shared library C:\Program Files\Java\jdk-23\bin\fontmanager.dll
Event: 0.545 Loaded shared library C:\Program Files\Java\jdk-23\bin\extnet.dll

Deoptimization events (20 events):
Event: 0.429 Thread 0x0000018e9c8bcb80 Uncommon trap: trap_request=0xffffffc6 fr.pc=0x0000018e9015eed4 relative=0x0000000000000cd4
Event: 0.429 Thread 0x0000018e9c8bcb80 Uncommon trap: reason=bimorphic_or_optimized_type_check action=maybe_recompile pc=0x0000018e9015eed4 method=java.util.HashMap.putVal(ILjava/lang/Object;Ljava/lang/Object;ZZ)Ljava/lang/Object; @ 152 c2
Event: 0.429 Thread 0x0000018e9c8bcb80 DEOPT PACKING pc=0x0000018e9015eed4 sp=0x0000003e58efdc10
Event: 0.429 Thread 0x0000018e9c8bcb80 DEOPT UNPACKING pc=0x0000018e8fbf4402 sp=0x0000003e58efdb90 mode 2
Event: 1.781 Thread 0x0000018e9c8bcb80 Uncommon trap: trap_request=0xffffffde fr.pc=0x0000018e901544a0 relative=0x00000000000001a0
Event: 1.781 Thread 0x0000018e9c8bcb80 Uncommon trap: reason=class_check action=maybe_recompile pc=0x0000018e901544a0 method=java.lang.String.equals(Ljava/lang/Object;)Z @ 8 c2
Event: 1.781 Thread 0x0000018e9c8bcb80 DEOPT PACKING pc=0x0000018e901544a0 sp=0x0000003e58efd8c0
Event: 1.781 Thread 0x0000018e9c8bcb80 DEOPT UNPACKING pc=0x0000018e8fbf4402 sp=0x0000003e58efd848 mode 2
Event: 1.781 Thread 0x0000018e9c8bcb80 Uncommon trap: trap_request=0xffffffde fr.pc=0x0000018e901544a0 relative=0x00000000000001a0
Event: 1.781 Thread 0x0000018e9c8bcb80 Uncommon trap: reason=class_check action=maybe_recompile pc=0x0000018e901544a0 method=java.lang.String.equals(Ljava/lang/Object;)Z @ 8 c2
Event: 1.781 Thread 0x0000018e9c8bcb80 DEOPT PACKING pc=0x0000018e901544a0 sp=0x0000003e58efd830
Event: 1.781 Thread 0x0000018e9c8bcb80 DEOPT UNPACKING pc=0x0000018e8fbf4402 sp=0x0000003e58efd7c8 mode 2
Event: 1.781 Thread 0x0000018e9c8bcb80 Uncommon trap: trap_request=0xffffffde fr.pc=0x0000018e901544a0 relative=0x00000000000001a0
Event: 1.781 Thread 0x0000018e9c8bcb80 Uncommon trap: reason=class_check action=maybe_recompile pc=0x0000018e901544a0 method=java.lang.String.equals(Ljava/lang/Object;)Z @ 8 c2
Event: 1.781 Thread 0x0000018e9c8bcb80 DEOPT PACKING pc=0x0000018e901544a0 sp=0x0000003e58efd7a0
Event: 1.781 Thread 0x0000018e9c8bcb80 DEOPT UNPACKING pc=0x0000018e8fbf4402 sp=0x0000003e58efd738 mode 2
Event: 4178.897 Thread 0x0000018e9c842d50 Uncommon trap: trap_request=0xffffff45 fr.pc=0x0000018e9018b02c relative=0x000000000000010c
Event: 4178.897 Thread 0x0000018e9c842d50 Uncommon trap: reason=unstable_if action=reinterpret pc=0x0000018e9018b02c method=java.util.concurrent.locks.AbstractQueuedSynchronizer.signalNext(Ljava/util/concurrent/locks/AbstractQueuedSynchronizer$Node;)V @ 17 c2
Event: 4178.901 Thread 0x0000018e9c842d50 DEOPT PACKING pc=0x0000018e9018b02c sp=0x0000003e58dfe7b0
Event: 4178.901 Thread 0x0000018e9c842d50 DEOPT UNPACKING pc=0x0000018e8fbf4402 sp=0x0000003e58dfe730 mode 2

Classes loaded (20 events):
Event: 1.504 Loading class javax/swing/event/ChangeEvent
Event: 1.504 Loading class javax/swing/event/ChangeEvent done
Event: 1.506 Loading class com/sun/java/swing/plaf/windows/AnimationController$1
Event: 1.507 Loading class com/sun/java/swing/plaf/windows/AnimationController$1 done
Event: 1.781 Loading class java/awt/KeyboardFocusManager$2
Event: 1.781 Loading class java/awt/KeyboardFocusManager$2 done
Event: 1.781 Loading class sun/awt/SunToolkit$1
Event: 1.781 Loading class sun/awt/SunToolkit$1 done
Event: 1.788 Loading class java/awt/Window$1DisposeAction
Event: 1.789 Loading class java/awt/Window$1DisposeAction done
Event: 1.790 Loading class java/awt/LightweightDispatcher$2
Event: 1.790 Loading class java/awt/LightweightDispatcher$2 done
Event: 1.794 Loading class java/lang/Throwable$WrappedPrintStream
Event: 1.794 Loading class java/lang/Throwable$PrintStreamOrWriter
Event: 1.794 Loading class java/lang/Throwable$PrintStreamOrWriter done
Event: 1.794 Loading class java/lang/Throwable$WrappedPrintStream done
Event: 1.794 Loading class java/lang/StackTraceElement$HashedModules
Event: 1.794 Loading class java/lang/StackTraceElement$HashedModules done
Event: 4178.912 Loading class java/util/ArrayList$ListItr
Event: 4178.912 Loading class java/util/ArrayList$ListItr done

Classes unloaded (0 events):
No events

Classes redefined (0 events):
No events

Internal exceptions (20 events):
Event: 0.258 Thread 0x0000018efbce7780 Exception <a 'java/lang/ClassNotFoundException'{0x0000000750aaed78}: ToolTip> (0x0000000750aaed78) 
thrown [s\open\src\hotspot\share\classfile\systemDictionary.cpp, line 313]
Event: 0.259 Thread 0x0000018efbce7780 Exception <a 'java/lang/ClassNotFoundException'{0x0000000750aaf6c8}: Tree> (0x0000000750aaf6c8) 
thrown [s\open\src\hotspot\share\classfile\systemDictionary.cpp, line 313]
Event: 0.259 Thread 0x0000018efbce7780 Exception <a 'java/lang/ClassNotFoundException'{0x0000000750aafbc0}: Tree> (0x0000000750aafbc0) 
thrown [s\open\src\hotspot\share\classfile\systemDictionary.cpp, line 313]
Event: 0.259 Thread 0x0000018efbce7780 Exception <a 'java/lang/ClassNotFoundException'{0x0000000750aaff30}: javax/swing/JTreeCell> (0x0000000750aaff30) 
thrown [s\open\src\hotspot\share\classfile\systemDictionary.cpp, line 313]
Event: 0.259 Thread 0x0000018efbce7780 Exception <a 'java/lang/ClassNotFoundException'{0x0000000750ab0238}: TreeCell> (0x0000000750ab0238) 
thrown [s\open\src\hotspot\share\classfile\systemDictionary.cpp, line 313]
Event: 0.260 Thread 0x0000018efbce7780 Exception <a 'java/lang/ClassNotFoundException'{0x0000000750ab09f0}: RootPane> (0x0000000750ab09f0) 
thrown [s\open\src\hotspot\share\classfile\systemDictionary.cpp, line 313]
Event: 0.261 Thread 0x0000018efbce7780 Exception <a 'java/lang/ClassNotFoundException'{0x0000000750ab3850}: com/sun/swing/internal/plaf/metal/resources/spi/metalProvider> (0x0000000750ab3850) 
thrown [s\open\src\hotspot\share\classfile\systemDictionary.cpp, line 313]
Event: 0.262 Thread 0x0000018efbce7780 Exception <a 'java/lang/ClassNotFoundException'{0x0000000750ab7560}: com/sun/swing/internal/plaf/basic/resources/spi/basicProvider> (0x0000000750ab7560) 
thrown [s\open\src\hotspot\share\classfile\systemDictionary.cpp, line 313]
Event: 0.295 Thread 0x0000018e9c8bcb80 Exception <a 'java/lang/ClassNotFoundException'{0x0000000750b36630}: com/sun/swing/internal/plaf/synth/resources/spi/synthProvider> (0x0000000750b36630) 
thrown [s\open\src\hotspot\share\classfile\systemDictionary.cpp, line 313]
Event: 0.307 Thread 0x0000018e9c8bcb80 Exception <a 'java/lang/NoSuchMethodError'{0x0000000750bc2258}: 'int java.lang.invoke.Invokers$Holder.invokeExact_MT(java.lang.Object, java.lang.Object)'> (0x0000000750bc2258) 
thrown [s\open\src\hotspot\share\interpreter\linkResolver.cpp, line 796]
Event: 0.313 Thread 0x0000018e9c8bcb80 Exception <a 'java/lang/NoSuchMethodError'{0x0000000750bcf308}: 'void java.lang.invoke.DirectMethodHandle$Holder.invokeStaticInit(java.lang.Object)'> (0x0000000750bcf308) 
thrown [s\open\src\hotspot\share\interpreter\linkResolver.cpp, line 796]
Event: 0.327 Thread 0x0000018e9c8bcb80 Exception <a 'java/lang/ClassNotFoundException'{0x000000075082a468}: com/sun/java/swing/plaf/windows/resources/spi/windowsProvider> (0x000000075082a468) 
thrown [s\open\src\hotspot\share\classfile\systemDictionary.cpp, line 313]
Event: 0.330 Thread 0x0000018e9c8bcb80 Exception <a 'java/lang/NoSuchMethodError'{0x0000000750833a10}: 'java.lang.Object java.lang.invoke.DirectMethodHandle$Holder.invokeStatic(java.lang.Object, java.lang.Object, int, java.lang.Object)'> (0x0000000750833a10) 
thrown [s\open\src\hotspot\share\interpreter\linkResolver.cpp, line 796]
Event: 0.330 Thread 0x0000018e9c8bcb80 Exception <a 'java/lang/NoSuchMethodError'{0x0000000750839f70}: 'java.lang.Object java.lang.invoke.DirectMethodHandle$Holder.newInvokeSpecial(java.lang.Object, java.lang.Object, int)'> (0x0000000750839f70) 
thrown [s\open\src\hotspot\share\interpreter\linkResolver.cpp, line 796]
Event: 0.424 Thread 0x0000018e9c842d50 Exception <a 'java/lang/NoSuchMethodError'{0x0000000750d2d7c0}: 'void java.lang.invoke.DirectMethodHandle$Holder.invokeVirtual(java.lang.Object, java.lang.Object)'> (0x0000000750d2d7c0) 
thrown [s\open\src\hotspot\share\interpreter\linkResolver.cpp, line 796]
Event: 0.434 Thread 0x0000018e9c8bcb80 Exception <a 'java/lang/NoSuchMethodError'{0x0000000750903538}: 'void java.lang.invoke.DirectMethodHandle$Holder.invokeStatic(java.lang.Object, java.lang.Object)'> (0x0000000750903538) 
thrown [s\open\src\hotspot\share\interpreter\linkResolver.cpp, line 796]
Event: 0.457 Thread 0x0000018e9c8bcb80 Exception <a 'java/lang/NoSuchMethodError'{0x00000007509eff68}: 'java.lang.Object java.lang.invoke.DirectMethodHandle$Holder.invokeInterface(java.lang.Object, java.lang.Object)'> (0x00000007509eff68) 
thrown [s\open\src\hotspot\share\interpreter\linkResolver.cpp, line 796]
Event: 0.481 Thread 0x0000018e9c8bcb80 Exception <a 'java/lang/NoSuchMethodError'{0x000000075067bab0}: 'java.lang.Object java.lang.invoke.DirectMethodHandle$Holder.invokeVirtual(java.lang.Object, java.lang.Object, java.lang.Object)'> (0x000000075067bab0) 
thrown [s\open\src\hotspot\share\interpreter\linkResolver.cpp, line 796]
Event: 0.678 Thread 0x0000018e9c8bcb80 Exception <a 'java/lang/NoSuchMethodError'{0x00000007502b9f10}: 'int java.lang.invoke.DirectMethodHandle$Holder.invokeStatic(java.lang.Object)'> (0x00000007502b9f10) 
thrown [s\open\src\hotspot\share\interpreter\linkResolver.cpp, line 796]
Event: 1.793 Thread 0x0000018e9c8bcb80 Exception <a 'java/lang/NullPointerException'{0x000000075036e4a0}> (0x000000075036e4a0) 
thrown [s\open\src\hotspot\share\interpreter\linkResolver.cpp, line 1473]

VM Operations (18 events):
Event: 0.128 Executing VM operation: HandshakeAllThreads (Deoptimize)
Event: 0.129 Executing VM operation: HandshakeAllThreads (Deoptimize) done
Event: 0.261 Executing VM operation: HandshakeAllThreads (Deoptimize)
Event: 0.261 Executing VM operation: HandshakeAllThreads (Deoptimize) done
Event: 0.311 Executing VM operation: HandshakeAllThreads (Deoptimize)
Event: 0.311 Executing VM operation: HandshakeAllThreads (Deoptimize) done
Event: 0.357 Executing VM operation: HandshakeAllThreads (Deoptimize)
Event: 0.357 Executing VM operation: HandshakeAllThreads (Deoptimize) done
Event: 60.111 Executing VM operation: HandshakeAllThreads (HandshakeForDeflation)
Event: 60.111 Executing VM operation: HandshakeAllThreads (HandshakeForDeflation) done
Event: 60.111 Executing VM operation: RendezvousGCThreads
Event: 60.111 Executing VM operation: RendezvousGCThreads done
Event: 1924.081 Executing VM operation: HandshakeAllThreads (HandshakeForDeflation)
Event: 1924.081 Executing VM operation: HandshakeAllThreads (HandshakeForDeflation) done
Event: 1924.081 Executing VM operation: RendezvousGCThreads
Event: 1924.081 Executing VM operation: RendezvousGCThreads done
Event: 4178.913 Executing VM operation: HandshakeAllThreads (Deoptimize)
Event: 4178.913 Executing VM operation: HandshakeAllThreads (Deoptimize) done

Memory protections (0 events):
No events

Nmethod flushes (0 events):
No events

Events (20 events):
Event: 0.035 Thread 0x0000018efbce7780 Thread added: 0x0000018eff0b0ba0
Event: 0.035 Thread 0x0000018efbce7780 Thread added: 0x0000018eff0b1ac0
Event: 0.036 Thread 0x0000018efbce7780 Thread added: 0x0000018eff0b69a0
Event: 0.036 Thread 0x0000018efbce7780 Thread added: 0x0000018eff0b7400
Event: 0.036 Thread 0x0000018efbce7780 Thread added: 0x0000018eff0b7e60
Event: 0.036 Thread 0x0000018efbce7780 Thread added: 0x0000018eff0b8ed0
Event: 0.036 Thread 0x0000018efbce7780 Thread added: 0x0000018eff0bd610
Event: 0.036 Thread 0x0000018efbce7780 Thread added: 0x0000018eff0cc920
Event: 0.054 Thread 0x0000018efbce7780 Thread added: 0x0000018e9c63de00
Event: 0.056 Thread 0x0000018efbce7780 Thread added: 0x0000018e9c6438b0
Event: 0.155 Thread 0x0000018efbce7780 Thread added: 0x0000018e9c837da0
Event: 0.156 Thread 0x0000018efbce7780 Thread added: 0x0000018e9c83d450
Event: 0.157 Thread 0x0000018efbce7780 Thread added: 0x0000018e9c842d50
Event: 0.271 Thread 0x0000018efbce7780 Thread added: 0x0000018e9c8bcb80
Event: 0.272 Thread 0x0000018efbce7780 Thread exited: 0x0000018efbce7780
Event: 0.272 Thread 0x0000018efbce7780 Thread added: 0x0000018efbce7780
Event: 0.435 Thread 0x0000018e9c8bcb80 Thread added: 0x0000018ee3789020
Event: 0.464 Thread 0x0000018eff0cc920 Thread added: 0x0000018ee3796560
Event: 0.687 Thread 0x0000018e9c8bcb80 Thread added: 0x0000018ee38eae70
Event: 0.816 Thread 0x0000018ee3796560 Thread exited: 0x0000018ee3796560


Dynamic libraries:
0x00007ff775a40000 - 0x00007ff775a50000 	C:\Program Files\Java\jdk-23\bin\java.exe
0x00007ffa9f0f0000 - 0x00007ffa9f2e8000 	C:\WINDOWS\SYSTEM32\ntdll.dll
0x00007ffa9e890000 - 0x00007ffa9e952000 	C:\WINDOWS\System32\KERNEL32.DLL
0x00007ffa9c9f0000 - 0x00007ffa9ccee000 	C:\WINDOWS\System32\KERNELBASE.dll
0x00007ffa9c8f0000 - 0x00007ffa9c9f0000 	C:\WINDOWS\System32\ucrtbase.dll
0x00007ffa79270000 - 0x00007ffa7928b000 	C:\Program Files\Java\jdk-23\bin\VCRUNTIME140.dll
0x00007ffa86180000 - 0x00007ffa86197000 	C:\Program Files\Java\jdk-23\bin\jli.dll
0x00007ffa9ef10000 - 0x00007ffa9f0ad000 	C:\WINDOWS\System32\USER32.dll
0x00007ffa9cfb0000 - 0x00007ffa9cfd2000 	C:\WINDOWS\System32\win32u.dll
0x00007ffa7f680000 - 0x00007ffa7f91a000 	C:\WINDOWS\WinSxS\amd64_microsoft.windows.common-controls_6595b64144ccf1df_6.0.19041.4355_none_60b8b9eb71f62e16\COMCTL32.dll
0x00007ffa9e6e0000 - 0x00007ffa9e70b000 	C:\WINDOWS\System32\GDI32.dll
0x00007ffa9ce90000 - 0x00007ffa9cfa7000 	C:\WINDOWS\System32\gdi32full.dll
0x00007ffa9da90000 - 0x00007ffa9db2e000 	C:\WINDOWS\System32\msvcrt.dll
0x00007ffa9cdf0000 - 0x00007ffa9ce8d000 	C:\WINDOWS\System32\msvcp_win.dll
0x00007ffa9e850000 - 0x00007ffa9e87f000 	C:\WINDOWS\System32\IMM32.DLL
0x00007ffa83580000 - 0x00007ffa8358c000 	C:\Program Files\Java\jdk-23\bin\vcruntime140_1.dll
0x00007ffa71a80000 - 0x00007ffa71b0e000 	C:\Program Files\Java\jdk-23\bin\msvcp140.dll
0x00007ffa058b0000 - 0x00007ffa065ff000 	C:\Program Files\Java\jdk-23\bin\server\jvm.dll
0x00007ffa9dda0000 - 0x00007ffa9de52000 	C:\WINDOWS\System32\ADVAPI32.dll
0x00007ffa9e7b0000 - 0x00007ffa9e850000 	C:\WINDOWS\System32\sechost.dll
0x00007ffa9db30000 - 0x00007ffa9dc53000 	C:\WINDOWS\System32\RPCRT4.dll
0x00007ffa9d0e0000 - 0x00007ffa9d107000 	C:\WINDOWS\System32\bcrypt.dll
0x00007ffa9de60000 - 0x00007ffa9decb000 	C:\WINDOWS\System32\WS2_32.dll
0x00007ffa9bcd0000 - 0x00007ffa9bd1b000 	C:\WINDOWS\SYSTEM32\POWRPROF.dll
0x00007ffa7df70000 - 0x00007ffa7df97000 	C:\WINDOWS\SYSTEM32\WINMM.dll
0x00007ffa92cc0000 - 0x00007ffa92cca000 	C:\WINDOWS\SYSTEM32\VERSION.dll
0x00007ffa9bb90000 - 0x00007ffa9bba2000 	C:\WINDOWS\SYSTEM32\UMPDC.dll
0x00007ffa9a450000 - 0x00007ffa9a462000 	C:\WINDOWS\SYSTEM32\kernel.appcore.dll
0x00007ffa82ee0000 - 0x00007ffa82eea000 	C:\Program Files\Java\jdk-23\bin\jimage.dll
0x00007ffa85210000 - 0x00007ffa853f4000 	C:\WINDOWS\SYSTEM32\DBGHELP.DLL
0x00007ffa87c80000 - 0x00007ffa87cb4000 	C:\WINDOWS\SYSTEM32\dbgcore.DLL
0x00007ffa9cd60000 - 0x00007ffa9cde2000 	C:\WINDOWS\System32\bcryptPrimitives.dll
0x00007ffa746b0000 - 0x00007ffa746ce000 	C:\Program Files\Java\jdk-23\bin\java.dll
0x00007ffa9d960000 - 0x00007ffa9da8b000 	C:\WINDOWS\System32\ole32.dll
0x00007ffa9ea30000 - 0x00007ffa9ed83000 	C:\WINDOWS\System32\combase.dll
0x00007ffa9d170000 - 0x00007ffa9d8df000 	C:\WINDOWS\System32\SHELL32.dll
0x00007ffa9a650000 - 0x00007ffa9adf4000 	C:\WINDOWS\SYSTEM32\windows.storage.dll
0x00007ffa9c1c0000 - 0x00007ffa9c1ee000 	C:\WINDOWS\SYSTEM32\Wldp.dll
0x00007ffa9e610000 - 0x00007ffa9e6dd000 	C:\WINDOWS\System32\OLEAUT32.dll
0x00007ffa9e980000 - 0x00007ffa9ea2d000 	C:\WINDOWS\System32\SHCORE.dll
0x00007ffa9e080000 - 0x00007ffa9e0d5000 	C:\WINDOWS\System32\shlwapi.dll
0x00007ffa9c6c0000 - 0x00007ffa9c6e4000 	C:\WINDOWS\SYSTEM32\profapi.dll
0x00007ffa71b10000 - 0x00007ffa71be7000 	C:\Program Files\Java\jdk-23\bin\jsvml.dll
0x00007ffa82de0000 - 0x00007ffa82df0000 	C:\Program Files\Java\jdk-23\bin\net.dll
0x00007ffa9bf20000 - 0x00007ffa9bf8a000 	C:\WINDOWS\system32\mswsock.dll
0x00007ffa737a0000 - 0x00007ffa737b6000 	C:\Program Files\Java\jdk-23\bin\nio.dll
0x00007ffa728c0000 - 0x00007ffa728d7000 	C:\Program Files\Java\jdk-23\bin\zip.dll
0x00007ffa4e0a0000 - 0x00007ffa4e22e000 	C:\Program Files\Java\jdk-23\bin\awt.dll
0x00007ffa99610000 - 0x00007ffa996a4000 	C:\WINDOWS\SYSTEM32\apphelp.dll
0x00007ffa99f60000 - 0x00007ffa99ffe000 	C:\WINDOWS\system32\uxtheme.dll
0x00007ffa9edf0000 - 0x00007ffa9ef05000 	C:\WINDOWS\System32\MSCTF.dll
0x00007ffa9a270000 - 0x00007ffa9a29f000 	C:\WINDOWS\system32\DWMAPI.DLL
0x00007ffa51a50000 - 0x00007ffa51ad7000 	C:\Program Files\Java\jdk-23\bin\freetype.dll
0x00007ffa4dfc0000 - 0x00007ffa4e097000 	C:\Program Files\Java\jdk-23\bin\fontmanager.dll
0x00007ffa52880000 - 0x00007ffa529a8000 	C:\WINDOWS\system32\opengl32.dll
0x00007ffa85be0000 - 0x00007ffa85c0c000 	C:\WINDOWS\SYSTEM32\GLU32.dll
0x00007ffa96f70000 - 0x00007ffa96fab000 	C:\WINDOWS\SYSTEM32\dxcore.dll
0x00007ffa9cfe0000 - 0x00007ffa9d02e000 	C:\WINDOWS\System32\cfgmgr32.dll
0x00007ffa9e0e0000 - 0x00007ffa9e189000 	C:\WINDOWS\System32\clbcatq.dll
0x00007ffa99d20000 - 0x00007ffa99ed6000 	C:\WINDOWS\SYSTEM32\WindowsCodecs.dll
0x00007ffa7d280000 - 0x00007ffa7d2be000 	C:\WINDOWS\system32\dataexchange.dll
0x00007ffa986d0000 - 0x00007ffa98933000 	C:\WINDOWS\system32\d3d11.dll
0x00007ffa98ca0000 - 0x00007ffa98e84000 	C:\WINDOWS\system32\dcomp.dll
0x00007ffa9aef0000 - 0x00007ffa9afe6000 	C:\WINDOWS\system32\dxgi.dll
0x00007ffa95ac0000 - 0x00007ffa95cc3000 	C:\WINDOWS\system32\twinapi.appcore.dll
0x00007ffa82150000 - 0x00007ffa82159000 	C:\Program Files\Java\jdk-23\bin\extnet.dll
0x00007ffa92240000 - 0x00007ffa922f0000 	C:\WINDOWS\WinSxS\amd64_microsoft.windows.common-controls_6595b64144ccf1df_5.82.19041.4355_none_792ecafd2442822f\comctl32.dll
0x00007ffa8ccc0000 - 0x00007ffa8cdb9000 	C:\WINDOWS\SYSTEM32\textinputframework.dll
0x00007ffa98e90000 - 0x00007ffa98f82000 	C:\WINDOWS\System32\CoreMessaging.dll
0x00007ffa98940000 - 0x00007ffa98c9b000 	C:\WINDOWS\System32\CoreUIComponents.dll
0x00007ffa9ba20000 - 0x00007ffa9ba53000 	C:\WINDOWS\SYSTEM32\ntmarta.dll
0x00007ffa97b50000 - 0x00007ffa97ca7000 	C:\WINDOWS\SYSTEM32\wintypes.dll

dbghelp: loaded successfully - version: 4.0.5 - missing functions: none
symbol engine: initialized successfully - sym options: 0x614 - pdb path: .;C:\Program Files\Java\jdk-23\bin;C:\WINDOWS\SYSTEM32;C:\WINDOWS\WinSxS\amd64_microsoft.windows.common-controls_6595b64144ccf1df_6.0.19041.4355_none_60b8b9eb71f62e16;C:\Program Files\Java\jdk-23\bin\server;C:\WINDOWS\WinSxS\amd64_microsoft.windows.common-controls_6595b64144ccf1df_5.82.19041.4355_none_792ecafd2442822f

VM Arguments:
jvm_args: -Dfile.encoding=UTF-8 
java_command: Inicio.RelojMarcajeAngels
java_class_path (initial): C:\Users\IT\Documents\NetBeansProjects\MarcajeAngels\lib\mysql-connector-java-8.0.17.jar;C:\Users\IT\Documents\NetBeansProjects\MarcajeAngels\build\classes
Launcher Type: SUN_STANDARD

[Global flags]
     intx CICompilerCount                          = 3                                         {product} {ergonomic}
     uint ConcGCThreads                            = 1                                         {product} {ergonomic}
     uint G1ConcRefinementThreads                  = 4                                         {product} {ergonomic}
   size_t G1HeapRegionSize                         = 2097152                                   {product} {ergonomic}
   size_t InitialHeapSize                          = 197132288                                 {product} {ergonomic}
   size_t MarkStackSize                            = 4194304                                   {product} {ergonomic}
   size_t MarkStackSizeMax                         = 536870912                                 {product} {ergonomic}
   size_t MaxHeapSize                              = 3133145088                                {product} {ergonomic}
   size_t MaxNewSize                               = 1879048192                                {product} {ergonomic}
   size_t MinHeapDeltaBytes                        = 2097152                                   {product} {ergonomic}
   size_t MinHeapSize                              = 8388608                                   {product} {ergonomic}
    uintx NonNMethodCodeHeapSize                   = 5832704                                {pd product} {ergonomic}
    uintx NonProfiledCodeHeapSize                  = 122945536                              {pd product} {ergonomic}
    uintx ProfiledCodeHeapSize                     = 122880000                              {pd product} {ergonomic}
    uintx ReservedCodeCacheSize                    = 251658240                              {pd product} {ergonomic}
     bool SegmentedCodeCache                       = true                                      {product} {ergonomic}
   size_t SoftMaxHeapSize                          = 3133145088                             {manageable} {ergonomic}
     bool UseCompressedOops                        = true                           {product lp64_product} {ergonomic}
     bool UseG1GC                                  = true                                      {product} {ergonomic}
     bool UseLargePagesIndividualAllocation        = false                                  {pd product} {ergonomic}

Logging:
Log output configuration:
 #0: stdout all=warning uptime,level,tags foldmultilines=false
 #1: stderr all=off uptime,level,tags foldmultilines=false

Environment Variables:
PATH=C:\Program Files\Common Files\Oracle\Java\javapath;C:\ProgramData\Oracle\Java\javapath;C:\WINDOWS\system32;C:\WINDOWS;C:\WINDOWS\System32\Wbem;C:\WINDOWS\System32\WindowsPowerShell\v1.0\;C:\WINDOWS\System32\OpenSSH\;C:\Program Files (x86)\ZeroTier\One\;C:\Users\IT\AppData\Local\Microsoft\WindowsApps;
USERNAME=it
OS=Windows_NT
PROCESSOR_IDENTIFIER=Intel64 Family 6 Model 60 Stepping 3, GenuineIntel
TMP=C:\Users\IT\AppData\Local\Temp
TEMP=C:\Users\IT\AppData\Local\Temp




Periodic native trim disabled

---------------  S Y S T E M  ---------------

OS:
 Windows 10 , 64 bit Build 19041 (10.0.19041.4957)
OS uptime: 4 days 20:54 hours

CPU: total 4 (initial active 4) (4 cores per cpu, 1 threads per core) family 6 model 60 stepping 3 microcode 0x27, cx8, cmov, fxsr, mmx, sse, sse2, sse3, ssse3, sse4.1, sse4.2, popcnt, lzcnt, tsc, tscinvbit, avx, avx2, aes, erms, clmul, bmi1, bmi2, fma, vzeroupper, clflush, rdtscp, f16c
Processor Information for the first 4 processors :
  Max Mhz: 3001, Current Mhz: 3001, Mhz Limit: 3001

Memory: 4k page, system-wide physical 11947M (5504M free)
TotalPageFile size 13739M (AvailPageFile size 4830M)
current process WorkingSet (physical memory assigned to process): 79M, peak: 82M
current process commit charge ("private bytes"): 284M, peak: 289M

vm_info: Java HotSpot(TM) 64-Bit Server VM (23.0.1+11-39) for windows-amd64 JRE (23.0.1+11-39), built on 2024-09-30T07:20:43Z with MS VC++ 17.6 (VS2022)

END.
